[2022-12-29 14:52:13] production.ERROR: No application encryption key has been specified. {"exception":"[object] (Illuminate\\Encryption\\MissingAppKeyException(code: 0): No application encryption key has been specified. at P:\\webXazim\\wxa\\laravel\\portfolio\\my_portfolio\\vendor\\laravel\\framework\\src\\Illuminate\\Encryption\\EncryptionServiceProvider.php:101)
[stacktrace]
#0 P:\\webXazim\\wxa\\laravel\\portfolio\\my_portfolio\\vendor\\laravel\\framework\\src\\Illuminate\\Support\\helpers.php(263): Illuminate\\Encryption\\EncryptionServiceProvider->Illuminate\\Encryption\\{closure}()
#1 P:\\webXazim\\wxa\\laravel\\portfolio\\my_portfolio\\vendor\\laravel\\framework\\src\\Illuminate\\Encryption\\EncryptionServiceProvider.php(103): tap()
#2 P:\\webXazim\\wxa\\laravel\\portfolio\\my_portfolio\\vendor\\laravel\\framework\\src\\Illuminate\\Encryption\\EncryptionServiceProvider.php(82): Illuminate\\Encryption\\EncryptionServiceProvider->key()
#3 P:\\webXazim\\wxa\\laravel\\portfolio\\my_portfolio\\vendor\\laravel\\framework\\src\\Illuminate\\Encryption\\EncryptionServiceProvider.php(34): Illuminate\\Encryption\\EncryptionServiceProvider->parseKey()
#4 P:\\webXazim\\wxa\\laravel\\portfolio\\my_portfolio\\vendor\\laravel\\framework\\src\\Illuminate\\Container\\Container.php(873): Illuminate\\Encryption\\EncryptionServiceProvider->Illuminate\\Encryption\\{closure}()
#5 P:\\webXazim\\wxa\\laravel\\portfolio\\my_portfolio\\vendor\\laravel\\framework\\src\\Illuminate\\Container\\Container.php(758): Illuminate\\Container\\Container->build()
#6 P:\\webXazim\\wxa\\laravel\\portfolio\\my_portfolio\\vendor\\laravel\\framework\\src\\Illuminate\\Foundation\\Application.php(851): Illuminate\\Container\\Container->resolve()
#7 P:\\webXazim\\wxa\\laravel\\portfolio\\my_portfolio\\vendor\\laravel\\framework\\src\\Illuminate\\Container\\Container.php(694): Illuminate\\Foundation\\Application->resolve()
#8 P:\\webXazim\\wxa\\laravel\\portfolio\\my_portfolio\\vendor\\laravel\\framework\\src\\Illuminate\\Foundation\\Application.php(836): Illuminate\\Container\\Container->make()
#9 P:\\webXazim\\wxa\\laravel\\portfolio\\my_portfolio\\vendor\\laravel\\framework\\src\\Illuminate\\Container\\Container.php(1027): Illuminate\\Foundation\\Application->make()
#10 P:\\webXazim\\wxa\\laravel\\portfolio\\my_portfolio\\vendor\\laravel\\framework\\src\\Illuminate\\Container\\Container.php(947): Illuminate\\Container\\Container->resolveClass()
#11 P:\\webXazim\\wxa\\laravel\\portfolio\\my_portfolio\\vendor\\laravel\\framework\\src\\Illuminate\\Container\\Container.php(908): Illuminate\\Container\\Container->resolveDependencies()
#12 P:\\webXazim\\wxa\\laravel\\portfolio\\my_portfolio\\vendor\\laravel\\framework\\src\\Illuminate\\Container\\Container.php(758): Illuminate\\Container\\Container->build()
#13 P:\\webXazim\\wxa\\laravel\\portfolio\\my_portfolio\\vendor\\laravel\\framework\\src\\Illuminate\\Foundation\\Application.php(851): Illuminate\\Container\\Container->resolve()
#14 P:\\webXazim\\wxa\\laravel\\portfolio\\my_portfolio\\vendor\\laravel\\framework\\src\\Illuminate\\Container\\Container.php(694): Illuminate\\Foundation\\Application->resolve()
#15 P:\\webXazim\\wxa\\laravel\\portfolio\\my_portfolio\\vendor\\laravel\\framework\\src\\Illuminate\\Foundation\\Application.php(836): Illuminate\\Container\\Container->make()
#16 P:\\webXazim\\wxa\\laravel\\portfolio\\my_portfolio\\vendor\\laravel\\framework\\src\\Illuminate\\Pipeline\\Pipeline.php(156): Illuminate\\Foundation\\Application->make()
#17 P:\\webXazim\\wxa\\laravel\\portfolio\\my_portfolio\\vendor\\laravel\\framework\\src\\Illuminate\\Pipeline\\Pipeline.php(103): Illuminate\\Pipeline\\Pipeline->Illuminate\\Pipeline\\{closure}()
#18 P:\\webXazim\\wxa\\laravel\\portfolio\\my_portfolio\\vendor\\laravel\\framework\\src\\Illuminate\\Routing\\Router.php(723): Illuminate\\Pipeline\\Pipeline->then()
#19 P:\\webXazim\\wxa\\laravel\\portfolio\\my_portfolio\\vendor\\laravel\\framework\\src\\Illuminate\\Routing\\Router.php(698): Illuminate\\Routing\\Router->runRouteWithinStack()
#20 P:\\webXazim\\wxa\\laravel\\portfolio\\my_portfolio\\vendor\\laravel\\framework\\src\\Illuminate\\Routing\\Router.php(662): Illuminate\\Routing\\Router->runRoute()
#21 P:\\webXazim\\wxa\\laravel\\portfolio\\my_portfolio\\vendor\\laravel\\framework\\src\\Illuminate\\Routing\\Router.php(651): Illuminate\\Routing\\Router->dispatchToRoute()
#22 P:\\webXazim\\wxa\\laravel\\portfolio\\my_portfolio\\vendor\\laravel\\framework\\src\\Illuminate\\Foundation\\Http\\Kernel.php(167): Illuminate\\Routing\\Router->dispatch()
#23 P:\\webXazim\\wxa\\laravel\\portfolio\\my_portfolio\\vendor\\laravel\\framework\\src\\Illuminate\\Pipeline\\Pipeline.php(128): Illuminate\\Foundation\\Http\\Kernel->Illuminate\\Foundation\\Http\\{closure}()
#24 P:\\webXazim\\wxa\\laravel\\portfolio\\my_portfolio\\vendor\\laravel\\framework\\src\\Illuminate\\Foundation\\Http\\Middleware\\TransformsRequest.php(21): Illuminate\\Pipeline\\Pipeline->Illuminate\\Pipeline\\{closure}()
#25 P:\\webXazim\\wxa\\laravel\\portfolio\\my_portfolio\\vendor\\laravel\\framework\\src\\Illuminate\\Foundation\\Http\\Middleware\\ConvertEmptyStringsToNull.php(31): Illuminate\\Foundation\\Http\\Middleware\\TransformsRequest->handle()
#26 P:\\webXazim\\wxa\\laravel\\portfolio\\my_portfolio\\vendor\\laravel\\framework\\src\\Illuminate\\Pipeline\\Pipeline.php(167): Illuminate\\Foundation\\Http\\Middleware\\ConvertEmptyStringsToNull->handle()
#27 P:\\webXazim\\wxa\\laravel\\portfolio\\my_portfolio\\vendor\\laravel\\framework\\src\\Illuminate\\Foundation\\Http\\Middleware\\TransformsRequest.php(21): Illuminate\\Pipeline\\Pipeline->Illuminate\\Pipeline\\{closure}()
#28 P:\\webXazim\\wxa\\laravel\\portfolio\\my_portfolio\\vendor\\laravel\\framework\\src\\Illuminate\\Foundation\\Http\\Middleware\\TrimStrings.php(40): Illuminate\\Foundation\\Http\\Middleware\\TransformsRequest->handle()
#29 P:\\webXazim\\wxa\\laravel\\portfolio\\my_portfolio\\vendor\\laravel\\framework\\src\\Illuminate\\Pipeline\\Pipeline.php(167): Illuminate\\Foundation\\Http\\Middleware\\TrimStrings->handle()
#30 P:\\webXazim\\wxa\\laravel\\portfolio\\my_portfolio\\vendor\\laravel\\framework\\src\\Illuminate\\Foundation\\Http\\Middleware\\ValidatePostSize.php(27): Illuminate\\Pipeline\\Pipeline->Illuminate\\Pipeline\\{closure}()
#31 P:\\webXazim\\wxa\\laravel\\portfolio\\my_portfolio\\vendor\\laravel\\framework\\src\\Illuminate\\Pipeline\\Pipeline.php(167): Illuminate\\Foundation\\Http\\Middleware\\ValidatePostSize->handle()
#32 P:\\webXazim\\wxa\\laravel\\portfolio\\my_portfolio\\vendor\\laravel\\framework\\src\\Illuminate\\Foundation\\Http\\Middleware\\PreventRequestsDuringMaintenance.php(86): Illuminate\\Pipeline\\Pipeline->Illuminate\\Pipeline\\{closure}()
#33 P:\\webXazim\\wxa\\laravel\\portfolio\\my_portfolio\\vendor\\laravel\\framework\\src\\Illuminate\\Pipeline\\Pipeline.php(167): Illuminate\\Foundation\\Http\\Middleware\\PreventRequestsDuringMaintenance->handle()
#34 P:\\webXazim\\wxa\\laravel\\portfolio\\my_portfolio\\vendor\\fruitcake\\laravel-cors\\src\\HandleCors.php(38): Illuminate\\Pipeline\\Pipeline->Illuminate\\Pipeline\\{closure}()
#35 P:\\webXazim\\wxa\\laravel\\portfolio\\my_portfolio\\vendor\\laravel\\framework\\src\\Illuminate\\Pipeline\\Pipeline.php(167): Fruitcake\\Cors\\HandleCors->handle()
#36 P:\\webXazim\\wxa\\laravel\\portfolio\\my_portfolio\\vendor\\laravel\\framework\\src\\Illuminate\\Http\\Middleware\\TrustProxies.php(39): Illuminate\\Pipeline\\Pipeline->Illuminate\\Pipeline\\{closure}()
#37 P:\\webXazim\\wxa\\laravel\\portfolio\\my_portfolio\\vendor\\laravel\\framework\\src\\Illuminate\\Pipeline\\Pipeline.php(167): Illuminate\\Http\\Middleware\\TrustProxies->handle()
#38 P:\\webXazim\\wxa\\laravel\\portfolio\\my_portfolio\\vendor\\laravel\\framework\\src\\Illuminate\\Pipeline\\Pipeline.php(103): Illuminate\\Pipeline\\Pipeline->Illuminate\\Pipeline\\{closure}()
#39 P:\\webXazim\\wxa\\laravel\\portfolio\\my_portfolio\\vendor\\laravel\\framework\\src\\Illuminate\\Foundation\\Http\\Kernel.php(142): Illuminate\\Pipeline\\Pipeline->then()
#40 P:\\webXazim\\wxa\\laravel\\portfolio\\my_portfolio\\vendor\\laravel\\framework\\src\\Illuminate\\Foundation\\Http\\Kernel.php(111): Illuminate\\Foundation\\Http\\Kernel->sendRequestThroughRouter()
#41 P:\\webXazim\\wxa\\laravel\\portfolio\\my_portfolio\\public\\index.php(52): Illuminate\\Foundation\\Http\\Kernel->handle()
#42 P:\\webXazim\\wxa\\laravel\\portfolio\\my_portfolio\\server.php(21): require_once('...')
#43 {main}
"} 
[2022-12-29 14:52:13] production.ERROR: No application encryption key has been specified. {"exception":"[object] (Illuminate\\Encryption\\MissingAppKeyException(code: 0): No application encryption key has been specified. at P:\\webXazim\\wxa\\laravel\\portfolio\\my_portfolio\\vendor\\laravel\\framework\\src\\Illuminate\\Encryption\\EncryptionServiceProvider.php:101)
[stacktrace]
#0 P:\\webXazim\\wxa\\laravel\\portfolio\\my_portfolio\\vendor\\laravel\\framework\\src\\Illuminate\\Support\\helpers.php(263): Illuminate\\Encryption\\EncryptionServiceProvider->Illuminate\\Encryption\\{closure}()
#1 P:\\webXazim\\wxa\\laravel\\portfolio\\my_portfolio\\vendor\\laravel\\framework\\src\\Illuminate\\Encryption\\EncryptionServiceProvider.php(103): tap()
#2 P:\\webXazim\\wxa\\laravel\\portfolio\\my_portfolio\\vendor\\laravel\\framework\\src\\Illuminate\\Encryption\\EncryptionServiceProvider.php(82): Illuminate\\Encryption\\EncryptionServiceProvider->key()
#3 P:\\webXazim\\wxa\\laravel\\portfolio\\my_portfolio\\vendor\\laravel\\framework\\src\\Illuminate\\Encryption\\EncryptionServiceProvider.php(34): Illuminate\\Encryption\\EncryptionServiceProvider->parseKey()
#4 P:\\webXazim\\wxa\\laravel\\portfolio\\my_portfolio\\vendor\\laravel\\framework\\src\\Illuminate\\Container\\Container.php(873): Illuminate\\Encryption\\EncryptionServiceProvider->Illuminate\\Encryption\\{closure}()
#5 P:\\webXazim\\wxa\\laravel\\portfolio\\my_portfolio\\vendor\\laravel\\framework\\src\\Illuminate\\Container\\Container.php(758): Illuminate\\Container\\Container->build()
#6 P:\\webXazim\\wxa\\laravel\\portfolio\\my_portfolio\\vendor\\laravel\\framework\\src\\Illuminate\\Foundation\\Application.php(851): Illuminate\\Container\\Container->resolve()
#7 P:\\webXazim\\wxa\\laravel\\portfolio\\my_portfolio\\vendor\\laravel\\framework\\src\\Illuminate\\Container\\Container.php(694): Illuminate\\Foundation\\Application->resolve()
#8 P:\\webXazim\\wxa\\laravel\\portfolio\\my_portfolio\\vendor\\laravel\\framework\\src\\Illuminate\\Foundation\\Application.php(836): Illuminate\\Container\\Container->make()
#9 P:\\webXazim\\wxa\\laravel\\portfolio\\my_portfolio\\vendor\\laravel\\framework\\src\\Illuminate\\Container\\Container.php(1027): Illuminate\\Foundation\\Application->make()
#10 P:\\webXazim\\wxa\\laravel\\portfolio\\my_portfolio\\vendor\\laravel\\framework\\src\\Illuminate\\Container\\Container.php(947): Illuminate\\Container\\Container->resolveClass()
#11 P:\\webXazim\\wxa\\laravel\\portfolio\\my_portfolio\\vendor\\laravel\\framework\\src\\Illuminate\\Container\\Container.php(908): Illuminate\\Container\\Container->resolveDependencies()
#12 P:\\webXazim\\wxa\\laravel\\portfolio\\my_portfolio\\vendor\\laravel\\framework\\src\\Illuminate\\Container\\Container.php(758): Illuminate\\Container\\Container->build()
#13 P:\\webXazim\\wxa\\laravel\\portfolio\\my_portfolio\\vendor\\laravel\\framework\\src\\Illuminate\\Foundation\\Application.php(851): Illuminate\\Container\\Container->resolve()
#14 P:\\webXazim\\wxa\\laravel\\portfolio\\my_portfolio\\vendor\\laravel\\framework\\src\\Illuminate\\Container\\Container.php(694): Illuminate\\Foundation\\Application->resolve()
#15 P:\\webXazim\\wxa\\laravel\\portfolio\\my_portfolio\\vendor\\laravel\\framework\\src\\Illuminate\\Foundation\\Application.php(836): Illuminate\\Container\\Container->make()
#16 P:\\webXazim\\wxa\\laravel\\portfolio\\my_portfolio\\vendor\\laravel\\framework\\src\\Illuminate\\Foundation\\Http\\Kernel.php(206): Illuminate\\Foundation\\Application->make()
#17 P:\\webXazim\\wxa\\laravel\\portfolio\\my_portfolio\\vendor\\laravel\\framework\\src\\Illuminate\\Foundation\\Http\\Kernel.php(180): Illuminate\\Foundation\\Http\\Kernel->terminateMiddleware()
#18 P:\\webXazim\\wxa\\laravel\\portfolio\\my_portfolio\\public\\index.php(55): Illuminate\\Foundation\\Http\\Kernel->terminate()
#19 P:\\webXazim\\wxa\\laravel\\portfolio\\my_portfolio\\server.php(21): require_once('...')
#20 {main}
"} 
[2022-12-29 14:52:21] production.ERROR: No application encryption key has been specified. {"exception":"[object] (Illuminate\\Encryption\\MissingAppKeyException(code: 0): No application encryption key has been specified. at P:\\webXazim\\wxa\\laravel\\portfolio\\my_portfolio\\vendor\\laravel\\framework\\src\\Illuminate\\Encryption\\EncryptionServiceProvider.php:101)
[stacktrace]
#0 P:\\webXazim\\wxa\\laravel\\portfolio\\my_portfolio\\vendor\\laravel\\framework\\src\\Illuminate\\Support\\helpers.php(263): Illuminate\\Encryption\\EncryptionServiceProvider->Illuminate\\Encryption\\{closure}()
#1 P:\\webXazim\\wxa\\laravel\\portfolio\\my_portfolio\\vendor\\laravel\\framework\\src\\Illuminate\\Encryption\\EncryptionServiceProvider.php(103): tap()
#2 P:\\webXazim\\wxa\\laravel\\portfolio\\my_portfolio\\vendor\\laravel\\framework\\src\\Illuminate\\Encryption\\EncryptionServiceProvider.php(82): Illuminate\\Encryption\\EncryptionServiceProvider->key()
#3 P:\\webXazim\\wxa\\laravel\\portfolio\\my_portfolio\\vendor\\laravel\\framework\\src\\Illuminate\\Encryption\\EncryptionServiceProvider.php(34): Illuminate\\Encryption\\EncryptionServiceProvider->parseKey()
#4 P:\\webXazim\\wxa\\laravel\\portfolio\\my_portfolio\\vendor\\laravel\\framework\\src\\Illuminate\\Container\\Container.php(873): Illuminate\\Encryption\\EncryptionServiceProvider->Illuminate\\Encryption\\{closure}()
#5 P:\\webXazim\\wxa\\laravel\\portfolio\\my_portfolio\\vendor\\laravel\\framework\\src\\Illuminate\\Container\\Container.php(758): Illuminate\\Container\\Container->build()
#6 P:\\webXazim\\wxa\\laravel\\portfolio\\my_portfolio\\vendor\\laravel\\framework\\src\\Illuminate\\Foundation\\Application.php(851): Illuminate\\Container\\Container->resolve()
#7 P:\\webXazim\\wxa\\laravel\\portfolio\\my_portfolio\\vendor\\laravel\\framework\\src\\Illuminate\\Container\\Container.php(694): Illuminate\\Foundation\\Application->resolve()
#8 P:\\webXazim\\wxa\\laravel\\portfolio\\my_portfolio\\vendor\\laravel\\framework\\src\\Illuminate\\Foundation\\Application.php(836): Illuminate\\Container\\Container->make()
#9 P:\\webXazim\\wxa\\laravel\\portfolio\\my_portfolio\\vendor\\laravel\\framework\\src\\Illuminate\\Container\\Container.php(1027): Illuminate\\Foundation\\Application->make()
#10 P:\\webXazim\\wxa\\laravel\\portfolio\\my_portfolio\\vendor\\laravel\\framework\\src\\Illuminate\\Container\\Container.php(947): Illuminate\\Container\\Container->resolveClass()
#11 P:\\webXazim\\wxa\\laravel\\portfolio\\my_portfolio\\vendor\\laravel\\framework\\src\\Illuminate\\Container\\Container.php(908): Illuminate\\Container\\Container->resolveDependencies()
#12 P:\\webXazim\\wxa\\laravel\\portfolio\\my_portfolio\\vendor\\laravel\\framework\\src\\Illuminate\\Container\\Container.php(758): Illuminate\\Container\\Container->build()
#13 P:\\webXazim\\wxa\\laravel\\portfolio\\my_portfolio\\vendor\\laravel\\framework\\src\\Illuminate\\Foundation\\Application.php(851): Illuminate\\Container\\Container->resolve()
#14 P:\\webXazim\\wxa\\laravel\\portfolio\\my_portfolio\\vendor\\laravel\\framework\\src\\Illuminate\\Container\\Container.php(694): Illuminate\\Foundation\\Application->resolve()
#15 P:\\webXazim\\wxa\\laravel\\portfolio\\my_portfolio\\vendor\\laravel\\framework\\src\\Illuminate\\Foundation\\Application.php(836): Illuminate\\Container\\Container->make()
#16 P:\\webXazim\\wxa\\laravel\\portfolio\\my_portfolio\\vendor\\laravel\\framework\\src\\Illuminate\\Pipeline\\Pipeline.php(156): Illuminate\\Foundation\\Application->make()
#17 P:\\webXazim\\wxa\\laravel\\portfolio\\my_portfolio\\vendor\\laravel\\framework\\src\\Illuminate\\Pipeline\\Pipeline.php(103): Illuminate\\Pipeline\\Pipeline->Illuminate\\Pipeline\\{closure}()
#18 P:\\webXazim\\wxa\\laravel\\portfolio\\my_portfolio\\vendor\\laravel\\framework\\src\\Illuminate\\Routing\\Router.php(723): Illuminate\\Pipeline\\Pipeline->then()
#19 P:\\webXazim\\wxa\\laravel\\portfolio\\my_portfolio\\vendor\\laravel\\framework\\src\\Illuminate\\Routing\\Router.php(698): Illuminate\\Routing\\Router->runRouteWithinStack()
#20 P:\\webXazim\\wxa\\laravel\\portfolio\\my_portfolio\\vendor\\laravel\\framework\\src\\Illuminate\\Routing\\Router.php(662): Illuminate\\Routing\\Router->runRoute()
#21 P:\\webXazim\\wxa\\laravel\\portfolio\\my_portfolio\\vendor\\laravel\\framework\\src\\Illuminate\\Routing\\Router.php(651): Illuminate\\Routing\\Router->dispatchToRoute()
#22 P:\\webXazim\\wxa\\laravel\\portfolio\\my_portfolio\\vendor\\laravel\\framework\\src\\Illuminate\\Foundation\\Http\\Kernel.php(167): Illuminate\\Routing\\Router->dispatch()
#23 P:\\webXazim\\wxa\\laravel\\portfolio\\my_portfolio\\vendor\\laravel\\framework\\src\\Illuminate\\Pipeline\\Pipeline.php(128): Illuminate\\Foundation\\Http\\Kernel->Illuminate\\Foundation\\Http\\{closure}()
#24 P:\\webXazim\\wxa\\laravel\\portfolio\\my_portfolio\\vendor\\laravel\\framework\\src\\Illuminate\\Foundation\\Http\\Middleware\\TransformsRequest.php(21): Illuminate\\Pipeline\\Pipeline->Illuminate\\Pipeline\\{closure}()
#25 P:\\webXazim\\wxa\\laravel\\portfolio\\my_portfolio\\vendor\\laravel\\framework\\src\\Illuminate\\Foundation\\Http\\Middleware\\ConvertEmptyStringsToNull.php(31): Illuminate\\Foundation\\Http\\Middleware\\TransformsRequest->handle()
#26 P:\\webXazim\\wxa\\laravel\\portfolio\\my_portfolio\\vendor\\laravel\\framework\\src\\Illuminate\\Pipeline\\Pipeline.php(167): Illuminate\\Foundation\\Http\\Middleware\\ConvertEmptyStringsToNull->handle()
#27 P:\\webXazim\\wxa\\laravel\\portfolio\\my_portfolio\\vendor\\laravel\\framework\\src\\Illuminate\\Foundation\\Http\\Middleware\\TransformsRequest.php(21): Illuminate\\Pipeline\\Pipeline->Illuminate\\Pipeline\\{closure}()
#28 P:\\webXazim\\wxa\\laravel\\portfolio\\my_portfolio\\vendor\\laravel\\framework\\src\\Illuminate\\Foundation\\Http\\Middleware\\TrimStrings.php(40): Illuminate\\Foundation\\Http\\Middleware\\TransformsRequest->handle()
#29 P:\\webXazim\\wxa\\laravel\\portfolio\\my_portfolio\\vendor\\laravel\\framework\\src\\Illuminate\\Pipeline\\Pipeline.php(167): Illuminate\\Foundation\\Http\\Middleware\\TrimStrings->handle()
#30 P:\\webXazim\\wxa\\laravel\\portfolio\\my_portfolio\\vendor\\laravel\\framework\\src\\Illuminate\\Foundation\\Http\\Middleware\\ValidatePostSize.php(27): Illuminate\\Pipeline\\Pipeline->Illuminate\\Pipeline\\{closure}()
#31 P:\\webXazim\\wxa\\laravel\\portfolio\\my_portfolio\\vendor\\laravel\\framework\\src\\Illuminate\\Pipeline\\Pipeline.php(167): Illuminate\\Foundation\\Http\\Middleware\\ValidatePostSize->handle()
#32 P:\\webXazim\\wxa\\laravel\\portfolio\\my_portfolio\\vendor\\laravel\\framework\\src\\Illuminate\\Foundation\\Http\\Middleware\\PreventRequestsDuringMaintenance.php(86): Illuminate\\Pipeline\\Pipeline->Illuminate\\Pipeline\\{closure}()
#33 P:\\webXazim\\wxa\\laravel\\portfolio\\my_portfolio\\vendor\\laravel\\framework\\src\\Illuminate\\Pipeline\\Pipeline.php(167): Illuminate\\Foundation\\Http\\Middleware\\PreventRequestsDuringMaintenance->handle()
#34 P:\\webXazim\\wxa\\laravel\\portfolio\\my_portfolio\\vendor\\fruitcake\\laravel-cors\\src\\HandleCors.php(38): Illuminate\\Pipeline\\Pipeline->Illuminate\\Pipeline\\{closure}()
#35 P:\\webXazim\\wxa\\laravel\\portfolio\\my_portfolio\\vendor\\laravel\\framework\\src\\Illuminate\\Pipeline\\Pipeline.php(167): Fruitcake\\Cors\\HandleCors->handle()
#36 P:\\webXazim\\wxa\\laravel\\portfolio\\my_portfolio\\vendor\\laravel\\framework\\src\\Illuminate\\Http\\Middleware\\TrustProxies.php(39): Illuminate\\Pipeline\\Pipeline->Illuminate\\Pipeline\\{closure}()
#37 P:\\webXazim\\wxa\\laravel\\portfolio\\my_portfolio\\vendor\\laravel\\framework\\src\\Illuminate\\Pipeline\\Pipeline.php(167): Illuminate\\Http\\Middleware\\TrustProxies->handle()
#38 P:\\webXazim\\wxa\\laravel\\portfolio\\my_portfolio\\vendor\\laravel\\framework\\src\\Illuminate\\Pipeline\\Pipeline.php(103): Illuminate\\Pipeline\\Pipeline->Illuminate\\Pipeline\\{closure}()
#39 P:\\webXazim\\wxa\\laravel\\portfolio\\my_portfolio\\vendor\\laravel\\framework\\src\\Illuminate\\Foundation\\Http\\Kernel.php(142): Illuminate\\Pipeline\\Pipeline->then()
#40 P:\\webXazim\\wxa\\laravel\\portfolio\\my_portfolio\\vendor\\laravel\\framework\\src\\Illuminate\\Foundation\\Http\\Kernel.php(111): Illuminate\\Foundation\\Http\\Kernel->sendRequestThroughRouter()
#41 P:\\webXazim\\wxa\\laravel\\portfolio\\my_portfolio\\public\\index.php(52): Illuminate\\Foundation\\Http\\Kernel->handle()
#42 P:\\webXazim\\wxa\\laravel\\portfolio\\my_portfolio\\server.php(21): require_once('...')
#43 {main}
"} 
[2022-12-29 14:52:21] production.ERROR: No application encryption key has been specified. {"exception":"[object] (Illuminate\\Encryption\\MissingAppKeyException(code: 0): No application encryption key has been specified. at P:\\webXazim\\wxa\\laravel\\portfolio\\my_portfolio\\vendor\\laravel\\framework\\src\\Illuminate\\Encryption\\EncryptionServiceProvider.php:101)
[stacktrace]
#0 P:\\webXazim\\wxa\\laravel\\portfolio\\my_portfolio\\vendor\\laravel\\framework\\src\\Illuminate\\Support\\helpers.php(263): Illuminate\\Encryption\\EncryptionServiceProvider->Illuminate\\Encryption\\{closure}()
#1 P:\\webXazim\\wxa\\laravel\\portfolio\\my_portfolio\\vendor\\laravel\\framework\\src\\Illuminate\\Encryption\\EncryptionServiceProvider.php(103): tap()
#2 P:\\webXazim\\wxa\\laravel\\portfolio\\my_portfolio\\vendor\\laravel\\framework\\src\\Illuminate\\Encryption\\EncryptionServiceProvider.php(82): Illuminate\\Encryption\\EncryptionServiceProvider->key()
#3 P:\\webXazim\\wxa\\laravel\\portfolio\\my_portfolio\\vendor\\laravel\\framework\\src\\Illuminate\\Encryption\\EncryptionServiceProvider.php(34): Illuminate\\Encryption\\EncryptionServiceProvider->parseKey()
#4 P:\\webXazim\\wxa\\laravel\\portfolio\\my_portfolio\\vendor\\laravel\\framework\\src\\Illuminate\\Container\\Container.php(873): Illuminate\\Encryption\\EncryptionServiceProvider->Illuminate\\Encryption\\{closure}()
#5 P:\\webXazim\\wxa\\laravel\\portfolio\\my_portfolio\\vendor\\laravel\\framework\\src\\Illuminate\\Container\\Container.php(758): Illuminate\\Container\\Container->build()
#6 P:\\webXazim\\wxa\\laravel\\portfolio\\my_portfolio\\vendor\\laravel\\framework\\src\\Illuminate\\Foundation\\Application.php(851): Illuminate\\Container\\Container->resolve()
#7 P:\\webXazim\\wxa\\laravel\\portfolio\\my_portfolio\\vendor\\laravel\\framework\\src\\Illuminate\\Container\\Container.php(694): Illuminate\\Foundation\\Application->resolve()
#8 P:\\webXazim\\wxa\\laravel\\portfolio\\my_portfolio\\vendor\\laravel\\framework\\src\\Illuminate\\Foundation\\Application.php(836): Illuminate\\Container\\Container->make()
#9 P:\\webXazim\\wxa\\laravel\\portfolio\\my_portfolio\\vendor\\laravel\\framework\\src\\Illuminate\\Container\\Container.php(1027): Illuminate\\Foundation\\Application->make()
#10 P:\\webXazim\\wxa\\laravel\\portfolio\\my_portfolio\\vendor\\laravel\\framework\\src\\Illuminate\\Container\\Container.php(947): Illuminate\\Container\\Container->resolveClass()
#11 P:\\webXazim\\wxa\\laravel\\portfolio\\my_portfolio\\vendor\\laravel\\framework\\src\\Illuminate\\Container\\Container.php(908): Illuminate\\Container\\Container->resolveDependencies()
#12 P:\\webXazim\\wxa\\laravel\\portfolio\\my_portfolio\\vendor\\laravel\\framework\\src\\Illuminate\\Container\\Container.php(758): Illuminate\\Container\\Container->build()
#13 P:\\webXazim\\wxa\\laravel\\portfolio\\my_portfolio\\vendor\\laravel\\framework\\src\\Illuminate\\Foundation\\Application.php(851): Illuminate\\Container\\Container->resolve()
#14 P:\\webXazim\\wxa\\laravel\\portfolio\\my_portfolio\\vendor\\laravel\\framework\\src\\Illuminate\\Container\\Container.php(694): Illuminate\\Foundation\\Application->resolve()
#15 P:\\webXazim\\wxa\\laravel\\portfolio\\my_portfolio\\vendor\\laravel\\framework\\src\\Illuminate\\Foundation\\Application.php(836): Illuminate\\Container\\Container->make()
#16 P:\\webXazim\\wxa\\laravel\\portfolio\\my_portfolio\\vendor\\laravel\\framework\\src\\Illuminate\\Foundation\\Http\\Kernel.php(206): Illuminate\\Foundation\\Application->make()
#17 P:\\webXazim\\wxa\\laravel\\portfolio\\my_portfolio\\vendor\\laravel\\framework\\src\\Illuminate\\Foundation\\Http\\Kernel.php(180): Illuminate\\Foundation\\Http\\Kernel->terminateMiddleware()
#18 P:\\webXazim\\wxa\\laravel\\portfolio\\my_portfolio\\public\\index.php(55): Illuminate\\Foundation\\Http\\Kernel->terminate()
#19 P:\\webXazim\\wxa\\laravel\\portfolio\\my_portfolio\\server.php(21): require_once('...')
#20 {main}
"} 
[2022-12-29 14:52:22] production.ERROR: No application encryption key has been specified. {"exception":"[object] (Illuminate\\Encryption\\MissingAppKeyException(code: 0): No application encryption key has been specified. at P:\\webXazim\\wxa\\laravel\\portfolio\\my_portfolio\\vendor\\laravel\\framework\\src\\Illuminate\\Encryption\\EncryptionServiceProvider.php:101)
[stacktrace]
#0 P:\\webXazim\\wxa\\laravel\\portfolio\\my_portfolio\\vendor\\laravel\\framework\\src\\Illuminate\\Support\\helpers.php(263): Illuminate\\Encryption\\EncryptionServiceProvider->Illuminate\\Encryption\\{closure}()
#1 P:\\webXazim\\wxa\\laravel\\portfolio\\my_portfolio\\vendor\\laravel\\framework\\src\\Illuminate\\Encryption\\EncryptionServiceProvider.php(103): tap()
#2 P:\\webXazim\\wxa\\laravel\\portfolio\\my_portfolio\\vendor\\laravel\\framework\\src\\Illuminate\\Encryption\\EncryptionServiceProvider.php(82): Illuminate\\Encryption\\EncryptionServiceProvider->key()
#3 P:\\webXazim\\wxa\\laravel\\portfolio\\my_portfolio\\vendor\\laravel\\framework\\src\\Illuminate\\Encryption\\EncryptionServiceProvider.php(34): Illuminate\\Encryption\\EncryptionServiceProvider->parseKey()
#4 P:\\webXazim\\wxa\\laravel\\portfolio\\my_portfolio\\vendor\\laravel\\framework\\src\\Illuminate\\Container\\Container.php(873): Illuminate\\Encryption\\EncryptionServiceProvider->Illuminate\\Encryption\\{closure}()
#5 P:\\webXazim\\wxa\\laravel\\portfolio\\my_portfolio\\vendor\\laravel\\framework\\src\\Illuminate\\Container\\Container.php(758): Illuminate\\Container\\Container->build()
#6 P:\\webXazim\\wxa\\laravel\\portfolio\\my_portfolio\\vendor\\laravel\\framework\\src\\Illuminate\\Foundation\\Application.php(851): Illuminate\\Container\\Container->resolve()
#7 P:\\webXazim\\wxa\\laravel\\portfolio\\my_portfolio\\vendor\\laravel\\framework\\src\\Illuminate\\Container\\Container.php(694): Illuminate\\Foundation\\Application->resolve()
#8 P:\\webXazim\\wxa\\laravel\\portfolio\\my_portfolio\\vendor\\laravel\\framework\\src\\Illuminate\\Foundation\\Application.php(836): Illuminate\\Container\\Container->make()
#9 P:\\webXazim\\wxa\\laravel\\portfolio\\my_portfolio\\vendor\\laravel\\framework\\src\\Illuminate\\Container\\Container.php(1027): Illuminate\\Foundation\\Application->make()
#10 P:\\webXazim\\wxa\\laravel\\portfolio\\my_portfolio\\vendor\\laravel\\framework\\src\\Illuminate\\Container\\Container.php(947): Illuminate\\Container\\Container->resolveClass()
#11 P:\\webXazim\\wxa\\laravel\\portfolio\\my_portfolio\\vendor\\laravel\\framework\\src\\Illuminate\\Container\\Container.php(908): Illuminate\\Container\\Container->resolveDependencies()
#12 P:\\webXazim\\wxa\\laravel\\portfolio\\my_portfolio\\vendor\\laravel\\framework\\src\\Illuminate\\Container\\Container.php(758): Illuminate\\Container\\Container->build()
#13 P:\\webXazim\\wxa\\laravel\\portfolio\\my_portfolio\\vendor\\laravel\\framework\\src\\Illuminate\\Foundation\\Application.php(851): Illuminate\\Container\\Container->resolve()
#14 P:\\webXazim\\wxa\\laravel\\portfolio\\my_portfolio\\vendor\\laravel\\framework\\src\\Illuminate\\Container\\Container.php(694): Illuminate\\Foundation\\Application->resolve()
#15 P:\\webXazim\\wxa\\laravel\\portfolio\\my_portfolio\\vendor\\laravel\\framework\\src\\Illuminate\\Foundation\\Application.php(836): Illuminate\\Container\\Container->make()
#16 P:\\webXazim\\wxa\\laravel\\portfolio\\my_portfolio\\vendor\\laravel\\framework\\src\\Illuminate\\Pipeline\\Pipeline.php(156): Illuminate\\Foundation\\Application->make()
#17 P:\\webXazim\\wxa\\laravel\\portfolio\\my_portfolio\\vendor\\laravel\\framework\\src\\Illuminate\\Pipeline\\Pipeline.php(103): Illuminate\\Pipeline\\Pipeline->Illuminate\\Pipeline\\{closure}()
#18 P:\\webXazim\\wxa\\laravel\\portfolio\\my_portfolio\\vendor\\laravel\\framework\\src\\Illuminate\\Routing\\Router.php(723): Illuminate\\Pipeline\\Pipeline->then()
#19 P:\\webXazim\\wxa\\laravel\\portfolio\\my_portfolio\\vendor\\laravel\\framework\\src\\Illuminate\\Routing\\Router.php(698): Illuminate\\Routing\\Router->runRouteWithinStack()
#20 P:\\webXazim\\wxa\\laravel\\portfolio\\my_portfolio\\vendor\\laravel\\framework\\src\\Illuminate\\Routing\\Router.php(662): Illuminate\\Routing\\Router->runRoute()
#21 P:\\webXazim\\wxa\\laravel\\portfolio\\my_portfolio\\vendor\\laravel\\framework\\src\\Illuminate\\Routing\\Router.php(651): Illuminate\\Routing\\Router->dispatchToRoute()
#22 P:\\webXazim\\wxa\\laravel\\portfolio\\my_portfolio\\vendor\\laravel\\framework\\src\\Illuminate\\Foundation\\Http\\Kernel.php(167): Illuminate\\Routing\\Router->dispatch()
#23 P:\\webXazim\\wxa\\laravel\\portfolio\\my_portfolio\\vendor\\laravel\\framework\\src\\Illuminate\\Pipeline\\Pipeline.php(128): Illuminate\\Foundation\\Http\\Kernel->Illuminate\\Foundation\\Http\\{closure}()
#24 P:\\webXazim\\wxa\\laravel\\portfolio\\my_portfolio\\vendor\\laravel\\framework\\src\\Illuminate\\Foundation\\Http\\Middleware\\TransformsRequest.php(21): Illuminate\\Pipeline\\Pipeline->Illuminate\\Pipeline\\{closure}()
#25 P:\\webXazim\\wxa\\laravel\\portfolio\\my_portfolio\\vendor\\laravel\\framework\\src\\Illuminate\\Foundation\\Http\\Middleware\\ConvertEmptyStringsToNull.php(31): Illuminate\\Foundation\\Http\\Middleware\\TransformsRequest->handle()
#26 P:\\webXazim\\wxa\\laravel\\portfolio\\my_portfolio\\vendor\\laravel\\framework\\src\\Illuminate\\Pipeline\\Pipeline.php(167): Illuminate\\Foundation\\Http\\Middleware\\ConvertEmptyStringsToNull->handle()
#27 P:\\webXazim\\wxa\\laravel\\portfolio\\my_portfolio\\vendor\\laravel\\framework\\src\\Illuminate\\Foundation\\Http\\Middleware\\TransformsRequest.php(21): Illuminate\\Pipeline\\Pipeline->Illuminate\\Pipeline\\{closure}()
#28 P:\\webXazim\\wxa\\laravel\\portfolio\\my_portfolio\\vendor\\laravel\\framework\\src\\Illuminate\\Foundation\\Http\\Middleware\\TrimStrings.php(40): Illuminate\\Foundation\\Http\\Middleware\\TransformsRequest->handle()
#29 P:\\webXazim\\wxa\\laravel\\portfolio\\my_portfolio\\vendor\\laravel\\framework\\src\\Illuminate\\Pipeline\\Pipeline.php(167): Illuminate\\Foundation\\Http\\Middleware\\TrimStrings->handle()
#30 P:\\webXazim\\wxa\\laravel\\portfolio\\my_portfolio\\vendor\\laravel\\framework\\src\\Illuminate\\Foundation\\Http\\Middleware\\ValidatePostSize.php(27): Illuminate\\Pipeline\\Pipeline->Illuminate\\Pipeline\\{closure}()
#31 P:\\webXazim\\wxa\\laravel\\portfolio\\my_portfolio\\vendor\\laravel\\framework\\src\\Illuminate\\Pipeline\\Pipeline.php(167): Illuminate\\Foundation\\Http\\Middleware\\ValidatePostSize->handle()
#32 P:\\webXazim\\wxa\\laravel\\portfolio\\my_portfolio\\vendor\\laravel\\framework\\src\\Illuminate\\Foundation\\Http\\Middleware\\PreventRequestsDuringMaintenance.php(86): Illuminate\\Pipeline\\Pipeline->Illuminate\\Pipeline\\{closure}()
#33 P:\\webXazim\\wxa\\laravel\\portfolio\\my_portfolio\\vendor\\laravel\\framework\\src\\Illuminate\\Pipeline\\Pipeline.php(167): Illuminate\\Foundation\\Http\\Middleware\\PreventRequestsDuringMaintenance->handle()
#34 P:\\webXazim\\wxa\\laravel\\portfolio\\my_portfolio\\vendor\\fruitcake\\laravel-cors\\src\\HandleCors.php(38): Illuminate\\Pipeline\\Pipeline->Illuminate\\Pipeline\\{closure}()
#35 P:\\webXazim\\wxa\\laravel\\portfolio\\my_portfolio\\vendor\\laravel\\framework\\src\\Illuminate\\Pipeline\\Pipeline.php(167): Fruitcake\\Cors\\HandleCors->handle()
#36 P:\\webXazim\\wxa\\laravel\\portfolio\\my_portfolio\\vendor\\laravel\\framework\\src\\Illuminate\\Http\\Middleware\\TrustProxies.php(39): Illuminate\\Pipeline\\Pipeline->Illuminate\\Pipeline\\{closure}()
#37 P:\\webXazim\\wxa\\laravel\\portfolio\\my_portfolio\\vendor\\laravel\\framework\\src\\Illuminate\\Pipeline\\Pipeline.php(167): Illuminate\\Http\\Middleware\\TrustProxies->handle()
#38 P:\\webXazim\\wxa\\laravel\\portfolio\\my_portfolio\\vendor\\laravel\\framework\\src\\Illuminate\\Pipeline\\Pipeline.php(103): Illuminate\\Pipeline\\Pipeline->Illuminate\\Pipeline\\{closure}()
#39 P:\\webXazim\\wxa\\laravel\\portfolio\\my_portfolio\\vendor\\laravel\\framework\\src\\Illuminate\\Foundation\\Http\\Kernel.php(142): Illuminate\\Pipeline\\Pipeline->then()
#40 P:\\webXazim\\wxa\\laravel\\portfolio\\my_portfolio\\vendor\\laravel\\framework\\src\\Illuminate\\Foundation\\Http\\Kernel.php(111): Illuminate\\Foundation\\Http\\Kernel->sendRequestThroughRouter()
#41 P:\\webXazim\\wxa\\laravel\\portfolio\\my_portfolio\\public\\index.php(52): Illuminate\\Foundation\\Http\\Kernel->handle()
#42 P:\\webXazim\\wxa\\laravel\\portfolio\\my_portfolio\\server.php(21): require_once('...')
#43 {main}
"} 
[2022-12-29 14:52:22] production.ERROR: No application encryption key has been specified. {"exception":"[object] (Illuminate\\Encryption\\MissingAppKeyException(code: 0): No application encryption key has been specified. at P:\\webXazim\\wxa\\laravel\\portfolio\\my_portfolio\\vendor\\laravel\\framework\\src\\Illuminate\\Encryption\\EncryptionServiceProvider.php:101)
[stacktrace]
#0 P:\\webXazim\\wxa\\laravel\\portfolio\\my_portfolio\\vendor\\laravel\\framework\\src\\Illuminate\\Support\\helpers.php(263): Illuminate\\Encryption\\EncryptionServiceProvider->Illuminate\\Encryption\\{closure}()
#1 P:\\webXazim\\wxa\\laravel\\portfolio\\my_portfolio\\vendor\\laravel\\framework\\src\\Illuminate\\Encryption\\EncryptionServiceProvider.php(103): tap()
#2 P:\\webXazim\\wxa\\laravel\\portfolio\\my_portfolio\\vendor\\laravel\\framework\\src\\Illuminate\\Encryption\\EncryptionServiceProvider.php(82): Illuminate\\Encryption\\EncryptionServiceProvider->key()
#3 P:\\webXazim\\wxa\\laravel\\portfolio\\my_portfolio\\vendor\\laravel\\framework\\src\\Illuminate\\Encryption\\EncryptionServiceProvider.php(34): Illuminate\\Encryption\\EncryptionServiceProvider->parseKey()
#4 P:\\webXazim\\wxa\\laravel\\portfolio\\my_portfolio\\vendor\\laravel\\framework\\src\\Illuminate\\Container\\Container.php(873): Illuminate\\Encryption\\EncryptionServiceProvider->Illuminate\\Encryption\\{closure}()
#5 P:\\webXazim\\wxa\\laravel\\portfolio\\my_portfolio\\vendor\\laravel\\framework\\src\\Illuminate\\Container\\Container.php(758): Illuminate\\Container\\Container->build()
#6 P:\\webXazim\\wxa\\laravel\\portfolio\\my_portfolio\\vendor\\laravel\\framework\\src\\Illuminate\\Foundation\\Application.php(851): Illuminate\\Container\\Container->resolve()
#7 P:\\webXazim\\wxa\\laravel\\portfolio\\my_portfolio\\vendor\\laravel\\framework\\src\\Illuminate\\Container\\Container.php(694): Illuminate\\Foundation\\Application->resolve()
#8 P:\\webXazim\\wxa\\laravel\\portfolio\\my_portfolio\\vendor\\laravel\\framework\\src\\Illuminate\\Foundation\\Application.php(836): Illuminate\\Container\\Container->make()
#9 P:\\webXazim\\wxa\\laravel\\portfolio\\my_portfolio\\vendor\\laravel\\framework\\src\\Illuminate\\Container\\Container.php(1027): Illuminate\\Foundation\\Application->make()
#10 P:\\webXazim\\wxa\\laravel\\portfolio\\my_portfolio\\vendor\\laravel\\framework\\src\\Illuminate\\Container\\Container.php(947): Illuminate\\Container\\Container->resolveClass()
#11 P:\\webXazim\\wxa\\laravel\\portfolio\\my_portfolio\\vendor\\laravel\\framework\\src\\Illuminate\\Container\\Container.php(908): Illuminate\\Container\\Container->resolveDependencies()
#12 P:\\webXazim\\wxa\\laravel\\portfolio\\my_portfolio\\vendor\\laravel\\framework\\src\\Illuminate\\Container\\Container.php(758): Illuminate\\Container\\Container->build()
#13 P:\\webXazim\\wxa\\laravel\\portfolio\\my_portfolio\\vendor\\laravel\\framework\\src\\Illuminate\\Foundation\\Application.php(851): Illuminate\\Container\\Container->resolve()
#14 P:\\webXazim\\wxa\\laravel\\portfolio\\my_portfolio\\vendor\\laravel\\framework\\src\\Illuminate\\Container\\Container.php(694): Illuminate\\Foundation\\Application->resolve()
#15 P:\\webXazim\\wxa\\laravel\\portfolio\\my_portfolio\\vendor\\laravel\\framework\\src\\Illuminate\\Foundation\\Application.php(836): Illuminate\\Container\\Container->make()
#16 P:\\webXazim\\wxa\\laravel\\portfolio\\my_portfolio\\vendor\\laravel\\framework\\src\\Illuminate\\Foundation\\Http\\Kernel.php(206): Illuminate\\Foundation\\Application->make()
#17 P:\\webXazim\\wxa\\laravel\\portfolio\\my_portfolio\\vendor\\laravel\\framework\\src\\Illuminate\\Foundation\\Http\\Kernel.php(180): Illuminate\\Foundation\\Http\\Kernel->terminateMiddleware()
#18 P:\\webXazim\\wxa\\laravel\\portfolio\\my_portfolio\\public\\index.php(55): Illuminate\\Foundation\\Http\\Kernel->terminate()
#19 P:\\webXazim\\wxa\\laravel\\portfolio\\my_portfolio\\server.php(21): require_once('...')
#20 {main}
"} 
[2022-12-29 14:52:23] production.ERROR: No application encryption key has been specified. {"exception":"[object] (Illuminate\\Encryption\\MissingAppKeyException(code: 0): No application encryption key has been specified. at P:\\webXazim\\wxa\\laravel\\portfolio\\my_portfolio\\vendor\\laravel\\framework\\src\\Illuminate\\Encryption\\EncryptionServiceProvider.php:101)
[stacktrace]
#0 P:\\webXazim\\wxa\\laravel\\portfolio\\my_portfolio\\vendor\\laravel\\framework\\src\\Illuminate\\Support\\helpers.php(263): Illuminate\\Encryption\\EncryptionServiceProvider->Illuminate\\Encryption\\{closure}()
#1 P:\\webXazim\\wxa\\laravel\\portfolio\\my_portfolio\\vendor\\laravel\\framework\\src\\Illuminate\\Encryption\\EncryptionServiceProvider.php(103): tap()
#2 P:\\webXazim\\wxa\\laravel\\portfolio\\my_portfolio\\vendor\\laravel\\framework\\src\\Illuminate\\Encryption\\EncryptionServiceProvider.php(82): Illuminate\\Encryption\\EncryptionServiceProvider->key()
#3 P:\\webXazim\\wxa\\laravel\\portfolio\\my_portfolio\\vendor\\laravel\\framework\\src\\Illuminate\\Encryption\\EncryptionServiceProvider.php(34): Illuminate\\Encryption\\EncryptionServiceProvider->parseKey()
#4 P:\\webXazim\\wxa\\laravel\\portfolio\\my_portfolio\\vendor\\laravel\\framework\\src\\Illuminate\\Container\\Container.php(873): Illuminate\\Encryption\\EncryptionServiceProvider->Illuminate\\Encryption\\{closure}()
#5 P:\\webXazim\\wxa\\laravel\\portfolio\\my_portfolio\\vendor\\laravel\\framework\\src\\Illuminate\\Container\\Container.php(758): Illuminate\\Container\\Container->build()
#6 P:\\webXazim\\wxa\\laravel\\portfolio\\my_portfolio\\vendor\\laravel\\framework\\src\\Illuminate\\Foundation\\Application.php(851): Illuminate\\Container\\Container->resolve()
#7 P:\\webXazim\\wxa\\laravel\\portfolio\\my_portfolio\\vendor\\laravel\\framework\\src\\Illuminate\\Container\\Container.php(694): Illuminate\\Foundation\\Application->resolve()
#8 P:\\webXazim\\wxa\\laravel\\portfolio\\my_portfolio\\vendor\\laravel\\framework\\src\\Illuminate\\Foundation\\Application.php(836): Illuminate\\Container\\Container->make()
#9 P:\\webXazim\\wxa\\laravel\\portfolio\\my_portfolio\\vendor\\laravel\\framework\\src\\Illuminate\\Container\\Container.php(1027): Illuminate\\Foundation\\Application->make()
#10 P:\\webXazim\\wxa\\laravel\\portfolio\\my_portfolio\\vendor\\laravel\\framework\\src\\Illuminate\\Container\\Container.php(947): Illuminate\\Container\\Container->resolveClass()
#11 P:\\webXazim\\wxa\\laravel\\portfolio\\my_portfolio\\vendor\\laravel\\framework\\src\\Illuminate\\Container\\Container.php(908): Illuminate\\Container\\Container->resolveDependencies()
#12 P:\\webXazim\\wxa\\laravel\\portfolio\\my_portfolio\\vendor\\laravel\\framework\\src\\Illuminate\\Container\\Container.php(758): Illuminate\\Container\\Container->build()
#13 P:\\webXazim\\wxa\\laravel\\portfolio\\my_portfolio\\vendor\\laravel\\framework\\src\\Illuminate\\Foundation\\Application.php(851): Illuminate\\Container\\Container->resolve()
#14 P:\\webXazim\\wxa\\laravel\\portfolio\\my_portfolio\\vendor\\laravel\\framework\\src\\Illuminate\\Container\\Container.php(694): Illuminate\\Foundation\\Application->resolve()
#15 P:\\webXazim\\wxa\\laravel\\portfolio\\my_portfolio\\vendor\\laravel\\framework\\src\\Illuminate\\Foundation\\Application.php(836): Illuminate\\Container\\Container->make()
#16 P:\\webXazim\\wxa\\laravel\\portfolio\\my_portfolio\\vendor\\laravel\\framework\\src\\Illuminate\\Pipeline\\Pipeline.php(156): Illuminate\\Foundation\\Application->make()
#17 P:\\webXazim\\wxa\\laravel\\portfolio\\my_portfolio\\vendor\\laravel\\framework\\src\\Illuminate\\Pipeline\\Pipeline.php(103): Illuminate\\Pipeline\\Pipeline->Illuminate\\Pipeline\\{closure}()
#18 P:\\webXazim\\wxa\\laravel\\portfolio\\my_portfolio\\vendor\\laravel\\framework\\src\\Illuminate\\Routing\\Router.php(723): Illuminate\\Pipeline\\Pipeline->then()
#19 P:\\webXazim\\wxa\\laravel\\portfolio\\my_portfolio\\vendor\\laravel\\framework\\src\\Illuminate\\Routing\\Router.php(698): Illuminate\\Routing\\Router->runRouteWithinStack()
#20 P:\\webXazim\\wxa\\laravel\\portfolio\\my_portfolio\\vendor\\laravel\\framework\\src\\Illuminate\\Routing\\Router.php(662): Illuminate\\Routing\\Router->runRoute()
#21 P:\\webXazim\\wxa\\laravel\\portfolio\\my_portfolio\\vendor\\laravel\\framework\\src\\Illuminate\\Routing\\Router.php(651): Illuminate\\Routing\\Router->dispatchToRoute()
#22 P:\\webXazim\\wxa\\laravel\\portfolio\\my_portfolio\\vendor\\laravel\\framework\\src\\Illuminate\\Foundation\\Http\\Kernel.php(167): Illuminate\\Routing\\Router->dispatch()
#23 P:\\webXazim\\wxa\\laravel\\portfolio\\my_portfolio\\vendor\\laravel\\framework\\src\\Illuminate\\Pipeline\\Pipeline.php(128): Illuminate\\Foundation\\Http\\Kernel->Illuminate\\Foundation\\Http\\{closure}()
#24 P:\\webXazim\\wxa\\laravel\\portfolio\\my_portfolio\\vendor\\laravel\\framework\\src\\Illuminate\\Foundation\\Http\\Middleware\\TransformsRequest.php(21): Illuminate\\Pipeline\\Pipeline->Illuminate\\Pipeline\\{closure}()
#25 P:\\webXazim\\wxa\\laravel\\portfolio\\my_portfolio\\vendor\\laravel\\framework\\src\\Illuminate\\Foundation\\Http\\Middleware\\ConvertEmptyStringsToNull.php(31): Illuminate\\Foundation\\Http\\Middleware\\TransformsRequest->handle()
#26 P:\\webXazim\\wxa\\laravel\\portfolio\\my_portfolio\\vendor\\laravel\\framework\\src\\Illuminate\\Pipeline\\Pipeline.php(167): Illuminate\\Foundation\\Http\\Middleware\\ConvertEmptyStringsToNull->handle()
#27 P:\\webXazim\\wxa\\laravel\\portfolio\\my_portfolio\\vendor\\laravel\\framework\\src\\Illuminate\\Foundation\\Http\\Middleware\\TransformsRequest.php(21): Illuminate\\Pipeline\\Pipeline->Illuminate\\Pipeline\\{closure}()
#28 P:\\webXazim\\wxa\\laravel\\portfolio\\my_portfolio\\vendor\\laravel\\framework\\src\\Illuminate\\Foundation\\Http\\Middleware\\TrimStrings.php(40): Illuminate\\Foundation\\Http\\Middleware\\TransformsRequest->handle()
#29 P:\\webXazim\\wxa\\laravel\\portfolio\\my_portfolio\\vendor\\laravel\\framework\\src\\Illuminate\\Pipeline\\Pipeline.php(167): Illuminate\\Foundation\\Http\\Middleware\\TrimStrings->handle()
#30 P:\\webXazim\\wxa\\laravel\\portfolio\\my_portfolio\\vendor\\laravel\\framework\\src\\Illuminate\\Foundation\\Http\\Middleware\\ValidatePostSize.php(27): Illuminate\\Pipeline\\Pipeline->Illuminate\\Pipeline\\{closure}()
#31 P:\\webXazim\\wxa\\laravel\\portfolio\\my_portfolio\\vendor\\laravel\\framework\\src\\Illuminate\\Pipeline\\Pipeline.php(167): Illuminate\\Foundation\\Http\\Middleware\\ValidatePostSize->handle()
#32 P:\\webXazim\\wxa\\laravel\\portfolio\\my_portfolio\\vendor\\laravel\\framework\\src\\Illuminate\\Foundation\\Http\\Middleware\\PreventRequestsDuringMaintenance.php(86): Illuminate\\Pipeline\\Pipeline->Illuminate\\Pipeline\\{closure}()
#33 P:\\webXazim\\wxa\\laravel\\portfolio\\my_portfolio\\vendor\\laravel\\framework\\src\\Illuminate\\Pipeline\\Pipeline.php(167): Illuminate\\Foundation\\Http\\Middleware\\PreventRequestsDuringMaintenance->handle()
#34 P:\\webXazim\\wxa\\laravel\\portfolio\\my_portfolio\\vendor\\fruitcake\\laravel-cors\\src\\HandleCors.php(38): Illuminate\\Pipeline\\Pipeline->Illuminate\\Pipeline\\{closure}()
#35 P:\\webXazim\\wxa\\laravel\\portfolio\\my_portfolio\\vendor\\laravel\\framework\\src\\Illuminate\\Pipeline\\Pipeline.php(167): Fruitcake\\Cors\\HandleCors->handle()
#36 P:\\webXazim\\wxa\\laravel\\portfolio\\my_portfolio\\vendor\\laravel\\framework\\src\\Illuminate\\Http\\Middleware\\TrustProxies.php(39): Illuminate\\Pipeline\\Pipeline->Illuminate\\Pipeline\\{closure}()
#37 P:\\webXazim\\wxa\\laravel\\portfolio\\my_portfolio\\vendor\\laravel\\framework\\src\\Illuminate\\Pipeline\\Pipeline.php(167): Illuminate\\Http\\Middleware\\TrustProxies->handle()
#38 P:\\webXazim\\wxa\\laravel\\portfolio\\my_portfolio\\vendor\\laravel\\framework\\src\\Illuminate\\Pipeline\\Pipeline.php(103): Illuminate\\Pipeline\\Pipeline->Illuminate\\Pipeline\\{closure}()
#39 P:\\webXazim\\wxa\\laravel\\portfolio\\my_portfolio\\vendor\\laravel\\framework\\src\\Illuminate\\Foundation\\Http\\Kernel.php(142): Illuminate\\Pipeline\\Pipeline->then()
#40 P:\\webXazim\\wxa\\laravel\\portfolio\\my_portfolio\\vendor\\laravel\\framework\\src\\Illuminate\\Foundation\\Http\\Kernel.php(111): Illuminate\\Foundation\\Http\\Kernel->sendRequestThroughRouter()
#41 P:\\webXazim\\wxa\\laravel\\portfolio\\my_portfolio\\public\\index.php(52): Illuminate\\Foundation\\Http\\Kernel->handle()
#42 P:\\webXazim\\wxa\\laravel\\portfolio\\my_portfolio\\server.php(21): require_once('...')
#43 {main}
"} 
[2022-12-29 14:52:23] production.ERROR: No application encryption key has been specified. {"exception":"[object] (Illuminate\\Encryption\\MissingAppKeyException(code: 0): No application encryption key has been specified. at P:\\webXazim\\wxa\\laravel\\portfolio\\my_portfolio\\vendor\\laravel\\framework\\src\\Illuminate\\Encryption\\EncryptionServiceProvider.php:101)
[stacktrace]
#0 P:\\webXazim\\wxa\\laravel\\portfolio\\my_portfolio\\vendor\\laravel\\framework\\src\\Illuminate\\Support\\helpers.php(263): Illuminate\\Encryption\\EncryptionServiceProvider->Illuminate\\Encryption\\{closure}()
#1 P:\\webXazim\\wxa\\laravel\\portfolio\\my_portfolio\\vendor\\laravel\\framework\\src\\Illuminate\\Encryption\\EncryptionServiceProvider.php(103): tap()
#2 P:\\webXazim\\wxa\\laravel\\portfolio\\my_portfolio\\vendor\\laravel\\framework\\src\\Illuminate\\Encryption\\EncryptionServiceProvider.php(82): Illuminate\\Encryption\\EncryptionServiceProvider->key()
#3 P:\\webXazim\\wxa\\laravel\\portfolio\\my_portfolio\\vendor\\laravel\\framework\\src\\Illuminate\\Encryption\\EncryptionServiceProvider.php(34): Illuminate\\Encryption\\EncryptionServiceProvider->parseKey()
#4 P:\\webXazim\\wxa\\laravel\\portfolio\\my_portfolio\\vendor\\laravel\\framework\\src\\Illuminate\\Container\\Container.php(873): Illuminate\\Encryption\\EncryptionServiceProvider->Illuminate\\Encryption\\{closure}()
#5 P:\\webXazim\\wxa\\laravel\\portfolio\\my_portfolio\\vendor\\laravel\\framework\\src\\Illuminate\\Container\\Container.php(758): Illuminate\\Container\\Container->build()
#6 P:\\webXazim\\wxa\\laravel\\portfolio\\my_portfolio\\vendor\\laravel\\framework\\src\\Illuminate\\Foundation\\Application.php(851): Illuminate\\Container\\Container->resolve()
#7 P:\\webXazim\\wxa\\laravel\\portfolio\\my_portfolio\\vendor\\laravel\\framework\\src\\Illuminate\\Container\\Container.php(694): Illuminate\\Foundation\\Application->resolve()
#8 P:\\webXazim\\wxa\\laravel\\portfolio\\my_portfolio\\vendor\\laravel\\framework\\src\\Illuminate\\Foundation\\Application.php(836): Illuminate\\Container\\Container->make()
#9 P:\\webXazim\\wxa\\laravel\\portfolio\\my_portfolio\\vendor\\laravel\\framework\\src\\Illuminate\\Container\\Container.php(1027): Illuminate\\Foundation\\Application->make()
#10 P:\\webXazim\\wxa\\laravel\\portfolio\\my_portfolio\\vendor\\laravel\\framework\\src\\Illuminate\\Container\\Container.php(947): Illuminate\\Container\\Container->resolveClass()
#11 P:\\webXazim\\wxa\\laravel\\portfolio\\my_portfolio\\vendor\\laravel\\framework\\src\\Illuminate\\Container\\Container.php(908): Illuminate\\Container\\Container->resolveDependencies()
#12 P:\\webXazim\\wxa\\laravel\\portfolio\\my_portfolio\\vendor\\laravel\\framework\\src\\Illuminate\\Container\\Container.php(758): Illuminate\\Container\\Container->build()
#13 P:\\webXazim\\wxa\\laravel\\portfolio\\my_portfolio\\vendor\\laravel\\framework\\src\\Illuminate\\Foundation\\Application.php(851): Illuminate\\Container\\Container->resolve()
#14 P:\\webXazim\\wxa\\laravel\\portfolio\\my_portfolio\\vendor\\laravel\\framework\\src\\Illuminate\\Container\\Container.php(694): Illuminate\\Foundation\\Application->resolve()
#15 P:\\webXazim\\wxa\\laravel\\portfolio\\my_portfolio\\vendor\\laravel\\framework\\src\\Illuminate\\Foundation\\Application.php(836): Illuminate\\Container\\Container->make()
#16 P:\\webXazim\\wxa\\laravel\\portfolio\\my_portfolio\\vendor\\laravel\\framework\\src\\Illuminate\\Foundation\\Http\\Kernel.php(206): Illuminate\\Foundation\\Application->make()
#17 P:\\webXazim\\wxa\\laravel\\portfolio\\my_portfolio\\vendor\\laravel\\framework\\src\\Illuminate\\Foundation\\Http\\Kernel.php(180): Illuminate\\Foundation\\Http\\Kernel->terminateMiddleware()
#18 P:\\webXazim\\wxa\\laravel\\portfolio\\my_portfolio\\public\\index.php(55): Illuminate\\Foundation\\Http\\Kernel->terminate()
#19 P:\\webXazim\\wxa\\laravel\\portfolio\\my_portfolio\\server.php(21): require_once('...')
#20 {main}
"} 
[2022-12-29 14:52:24] production.ERROR: No application encryption key has been specified. {"exception":"[object] (Illuminate\\Encryption\\MissingAppKeyException(code: 0): No application encryption key has been specified. at P:\\webXazim\\wxa\\laravel\\portfolio\\my_portfolio\\vendor\\laravel\\framework\\src\\Illuminate\\Encryption\\EncryptionServiceProvider.php:101)
[stacktrace]
#0 P:\\webXazim\\wxa\\laravel\\portfolio\\my_portfolio\\vendor\\laravel\\framework\\src\\Illuminate\\Support\\helpers.php(263): Illuminate\\Encryption\\EncryptionServiceProvider->Illuminate\\Encryption\\{closure}()
#1 P:\\webXazim\\wxa\\laravel\\portfolio\\my_portfolio\\vendor\\laravel\\framework\\src\\Illuminate\\Encryption\\EncryptionServiceProvider.php(103): tap()
#2 P:\\webXazim\\wxa\\laravel\\portfolio\\my_portfolio\\vendor\\laravel\\framework\\src\\Illuminate\\Encryption\\EncryptionServiceProvider.php(82): Illuminate\\Encryption\\EncryptionServiceProvider->key()
#3 P:\\webXazim\\wxa\\laravel\\portfolio\\my_portfolio\\vendor\\laravel\\framework\\src\\Illuminate\\Encryption\\EncryptionServiceProvider.php(34): Illuminate\\Encryption\\EncryptionServiceProvider->parseKey()
#4 P:\\webXazim\\wxa\\laravel\\portfolio\\my_portfolio\\vendor\\laravel\\framework\\src\\Illuminate\\Container\\Container.php(873): Illuminate\\Encryption\\EncryptionServiceProvider->Illuminate\\Encryption\\{closure}()
#5 P:\\webXazim\\wxa\\laravel\\portfolio\\my_portfolio\\vendor\\laravel\\framework\\src\\Illuminate\\Container\\Container.php(758): Illuminate\\Container\\Container->build()
#6 P:\\webXazim\\wxa\\laravel\\portfolio\\my_portfolio\\vendor\\laravel\\framework\\src\\Illuminate\\Foundation\\Application.php(851): Illuminate\\Container\\Container->resolve()
#7 P:\\webXazim\\wxa\\laravel\\portfolio\\my_portfolio\\vendor\\laravel\\framework\\src\\Illuminate\\Container\\Container.php(694): Illuminate\\Foundation\\Application->resolve()
#8 P:\\webXazim\\wxa\\laravel\\portfolio\\my_portfolio\\vendor\\laravel\\framework\\src\\Illuminate\\Foundation\\Application.php(836): Illuminate\\Container\\Container->make()
#9 P:\\webXazim\\wxa\\laravel\\portfolio\\my_portfolio\\vendor\\laravel\\framework\\src\\Illuminate\\Container\\Container.php(1027): Illuminate\\Foundation\\Application->make()
#10 P:\\webXazim\\wxa\\laravel\\portfolio\\my_portfolio\\vendor\\laravel\\framework\\src\\Illuminate\\Container\\Container.php(947): Illuminate\\Container\\Container->resolveClass()
#11 P:\\webXazim\\wxa\\laravel\\portfolio\\my_portfolio\\vendor\\laravel\\framework\\src\\Illuminate\\Container\\Container.php(908): Illuminate\\Container\\Container->resolveDependencies()
#12 P:\\webXazim\\wxa\\laravel\\portfolio\\my_portfolio\\vendor\\laravel\\framework\\src\\Illuminate\\Container\\Container.php(758): Illuminate\\Container\\Container->build()
#13 P:\\webXazim\\wxa\\laravel\\portfolio\\my_portfolio\\vendor\\laravel\\framework\\src\\Illuminate\\Foundation\\Application.php(851): Illuminate\\Container\\Container->resolve()
#14 P:\\webXazim\\wxa\\laravel\\portfolio\\my_portfolio\\vendor\\laravel\\framework\\src\\Illuminate\\Container\\Container.php(694): Illuminate\\Foundation\\Application->resolve()
#15 P:\\webXazim\\wxa\\laravel\\portfolio\\my_portfolio\\vendor\\laravel\\framework\\src\\Illuminate\\Foundation\\Application.php(836): Illuminate\\Container\\Container->make()
#16 P:\\webXazim\\wxa\\laravel\\portfolio\\my_portfolio\\vendor\\laravel\\framework\\src\\Illuminate\\Pipeline\\Pipeline.php(156): Illuminate\\Foundation\\Application->make()
#17 P:\\webXazim\\wxa\\laravel\\portfolio\\my_portfolio\\vendor\\laravel\\framework\\src\\Illuminate\\Pipeline\\Pipeline.php(103): Illuminate\\Pipeline\\Pipeline->Illuminate\\Pipeline\\{closure}()
#18 P:\\webXazim\\wxa\\laravel\\portfolio\\my_portfolio\\vendor\\laravel\\framework\\src\\Illuminate\\Routing\\Router.php(723): Illuminate\\Pipeline\\Pipeline->then()
#19 P:\\webXazim\\wxa\\laravel\\portfolio\\my_portfolio\\vendor\\laravel\\framework\\src\\Illuminate\\Routing\\Router.php(698): Illuminate\\Routing\\Router->runRouteWithinStack()
#20 P:\\webXazim\\wxa\\laravel\\portfolio\\my_portfolio\\vendor\\laravel\\framework\\src\\Illuminate\\Routing\\Router.php(662): Illuminate\\Routing\\Router->runRoute()
#21 P:\\webXazim\\wxa\\laravel\\portfolio\\my_portfolio\\vendor\\laravel\\framework\\src\\Illuminate\\Routing\\Router.php(651): Illuminate\\Routing\\Router->dispatchToRoute()
#22 P:\\webXazim\\wxa\\laravel\\portfolio\\my_portfolio\\vendor\\laravel\\framework\\src\\Illuminate\\Foundation\\Http\\Kernel.php(167): Illuminate\\Routing\\Router->dispatch()
#23 P:\\webXazim\\wxa\\laravel\\portfolio\\my_portfolio\\vendor\\laravel\\framework\\src\\Illuminate\\Pipeline\\Pipeline.php(128): Illuminate\\Foundation\\Http\\Kernel->Illuminate\\Foundation\\Http\\{closure}()
#24 P:\\webXazim\\wxa\\laravel\\portfolio\\my_portfolio\\vendor\\laravel\\framework\\src\\Illuminate\\Foundation\\Http\\Middleware\\TransformsRequest.php(21): Illuminate\\Pipeline\\Pipeline->Illuminate\\Pipeline\\{closure}()
#25 P:\\webXazim\\wxa\\laravel\\portfolio\\my_portfolio\\vendor\\laravel\\framework\\src\\Illuminate\\Foundation\\Http\\Middleware\\ConvertEmptyStringsToNull.php(31): Illuminate\\Foundation\\Http\\Middleware\\TransformsRequest->handle()
#26 P:\\webXazim\\wxa\\laravel\\portfolio\\my_portfolio\\vendor\\laravel\\framework\\src\\Illuminate\\Pipeline\\Pipeline.php(167): Illuminate\\Foundation\\Http\\Middleware\\ConvertEmptyStringsToNull->handle()
#27 P:\\webXazim\\wxa\\laravel\\portfolio\\my_portfolio\\vendor\\laravel\\framework\\src\\Illuminate\\Foundation\\Http\\Middleware\\TransformsRequest.php(21): Illuminate\\Pipeline\\Pipeline->Illuminate\\Pipeline\\{closure}()
#28 P:\\webXazim\\wxa\\laravel\\portfolio\\my_portfolio\\vendor\\laravel\\framework\\src\\Illuminate\\Foundation\\Http\\Middleware\\TrimStrings.php(40): Illuminate\\Foundation\\Http\\Middleware\\TransformsRequest->handle()
#29 P:\\webXazim\\wxa\\laravel\\portfolio\\my_portfolio\\vendor\\laravel\\framework\\src\\Illuminate\\Pipeline\\Pipeline.php(167): Illuminate\\Foundation\\Http\\Middleware\\TrimStrings->handle()
#30 P:\\webXazim\\wxa\\laravel\\portfolio\\my_portfolio\\vendor\\laravel\\framework\\src\\Illuminate\\Foundation\\Http\\Middleware\\ValidatePostSize.php(27): Illuminate\\Pipeline\\Pipeline->Illuminate\\Pipeline\\{closure}()
#31 P:\\webXazim\\wxa\\laravel\\portfolio\\my_portfolio\\vendor\\laravel\\framework\\src\\Illuminate\\Pipeline\\Pipeline.php(167): Illuminate\\Foundation\\Http\\Middleware\\ValidatePostSize->handle()
#32 P:\\webXazim\\wxa\\laravel\\portfolio\\my_portfolio\\vendor\\laravel\\framework\\src\\Illuminate\\Foundation\\Http\\Middleware\\PreventRequestsDuringMaintenance.php(86): Illuminate\\Pipeline\\Pipeline->Illuminate\\Pipeline\\{closure}()
#33 P:\\webXazim\\wxa\\laravel\\portfolio\\my_portfolio\\vendor\\laravel\\framework\\src\\Illuminate\\Pipeline\\Pipeline.php(167): Illuminate\\Foundation\\Http\\Middleware\\PreventRequestsDuringMaintenance->handle()
#34 P:\\webXazim\\wxa\\laravel\\portfolio\\my_portfolio\\vendor\\fruitcake\\laravel-cors\\src\\HandleCors.php(38): Illuminate\\Pipeline\\Pipeline->Illuminate\\Pipeline\\{closure}()
#35 P:\\webXazim\\wxa\\laravel\\portfolio\\my_portfolio\\vendor\\laravel\\framework\\src\\Illuminate\\Pipeline\\Pipeline.php(167): Fruitcake\\Cors\\HandleCors->handle()
#36 P:\\webXazim\\wxa\\laravel\\portfolio\\my_portfolio\\vendor\\laravel\\framework\\src\\Illuminate\\Http\\Middleware\\TrustProxies.php(39): Illuminate\\Pipeline\\Pipeline->Illuminate\\Pipeline\\{closure}()
#37 P:\\webXazim\\wxa\\laravel\\portfolio\\my_portfolio\\vendor\\laravel\\framework\\src\\Illuminate\\Pipeline\\Pipeline.php(167): Illuminate\\Http\\Middleware\\TrustProxies->handle()
#38 P:\\webXazim\\wxa\\laravel\\portfolio\\my_portfolio\\vendor\\laravel\\framework\\src\\Illuminate\\Pipeline\\Pipeline.php(103): Illuminate\\Pipeline\\Pipeline->Illuminate\\Pipeline\\{closure}()
#39 P:\\webXazim\\wxa\\laravel\\portfolio\\my_portfolio\\vendor\\laravel\\framework\\src\\Illuminate\\Foundation\\Http\\Kernel.php(142): Illuminate\\Pipeline\\Pipeline->then()
#40 P:\\webXazim\\wxa\\laravel\\portfolio\\my_portfolio\\vendor\\laravel\\framework\\src\\Illuminate\\Foundation\\Http\\Kernel.php(111): Illuminate\\Foundation\\Http\\Kernel->sendRequestThroughRouter()
#41 P:\\webXazim\\wxa\\laravel\\portfolio\\my_portfolio\\public\\index.php(52): Illuminate\\Foundation\\Http\\Kernel->handle()
#42 P:\\webXazim\\wxa\\laravel\\portfolio\\my_portfolio\\server.php(21): require_once('...')
#43 {main}
"} 
[2022-12-29 14:52:24] production.ERROR: No application encryption key has been specified. {"exception":"[object] (Illuminate\\Encryption\\MissingAppKeyException(code: 0): No application encryption key has been specified. at P:\\webXazim\\wxa\\laravel\\portfolio\\my_portfolio\\vendor\\laravel\\framework\\src\\Illuminate\\Encryption\\EncryptionServiceProvider.php:101)
[stacktrace]
#0 P:\\webXazim\\wxa\\laravel\\portfolio\\my_portfolio\\vendor\\laravel\\framework\\src\\Illuminate\\Support\\helpers.php(263): Illuminate\\Encryption\\EncryptionServiceProvider->Illuminate\\Encryption\\{closure}()
#1 P:\\webXazim\\wxa\\laravel\\portfolio\\my_portfolio\\vendor\\laravel\\framework\\src\\Illuminate\\Encryption\\EncryptionServiceProvider.php(103): tap()
#2 P:\\webXazim\\wxa\\laravel\\portfolio\\my_portfolio\\vendor\\laravel\\framework\\src\\Illuminate\\Encryption\\EncryptionServiceProvider.php(82): Illuminate\\Encryption\\EncryptionServiceProvider->key()
#3 P:\\webXazim\\wxa\\laravel\\portfolio\\my_portfolio\\vendor\\laravel\\framework\\src\\Illuminate\\Encryption\\EncryptionServiceProvider.php(34): Illuminate\\Encryption\\EncryptionServiceProvider->parseKey()
#4 P:\\webXazim\\wxa\\laravel\\portfolio\\my_portfolio\\vendor\\laravel\\framework\\src\\Illuminate\\Container\\Container.php(873): Illuminate\\Encryption\\EncryptionServiceProvider->Illuminate\\Encryption\\{closure}()
#5 P:\\webXazim\\wxa\\laravel\\portfolio\\my_portfolio\\vendor\\laravel\\framework\\src\\Illuminate\\Container\\Container.php(758): Illuminate\\Container\\Container->build()
#6 P:\\webXazim\\wxa\\laravel\\portfolio\\my_portfolio\\vendor\\laravel\\framework\\src\\Illuminate\\Foundation\\Application.php(851): Illuminate\\Container\\Container->resolve()
#7 P:\\webXazim\\wxa\\laravel\\portfolio\\my_portfolio\\vendor\\laravel\\framework\\src\\Illuminate\\Container\\Container.php(694): Illuminate\\Foundation\\Application->resolve()
#8 P:\\webXazim\\wxa\\laravel\\portfolio\\my_portfolio\\vendor\\laravel\\framework\\src\\Illuminate\\Foundation\\Application.php(836): Illuminate\\Container\\Container->make()
#9 P:\\webXazim\\wxa\\laravel\\portfolio\\my_portfolio\\vendor\\laravel\\framework\\src\\Illuminate\\Container\\Container.php(1027): Illuminate\\Foundation\\Application->make()
#10 P:\\webXazim\\wxa\\laravel\\portfolio\\my_portfolio\\vendor\\laravel\\framework\\src\\Illuminate\\Container\\Container.php(947): Illuminate\\Container\\Container->resolveClass()
#11 P:\\webXazim\\wxa\\laravel\\portfolio\\my_portfolio\\vendor\\laravel\\framework\\src\\Illuminate\\Container\\Container.php(908): Illuminate\\Container\\Container->resolveDependencies()
#12 P:\\webXazim\\wxa\\laravel\\portfolio\\my_portfolio\\vendor\\laravel\\framework\\src\\Illuminate\\Container\\Container.php(758): Illuminate\\Container\\Container->build()
#13 P:\\webXazim\\wxa\\laravel\\portfolio\\my_portfolio\\vendor\\laravel\\framework\\src\\Illuminate\\Foundation\\Application.php(851): Illuminate\\Container\\Container->resolve()
#14 P:\\webXazim\\wxa\\laravel\\portfolio\\my_portfolio\\vendor\\laravel\\framework\\src\\Illuminate\\Container\\Container.php(694): Illuminate\\Foundation\\Application->resolve()
#15 P:\\webXazim\\wxa\\laravel\\portfolio\\my_portfolio\\vendor\\laravel\\framework\\src\\Illuminate\\Foundation\\Application.php(836): Illuminate\\Container\\Container->make()
#16 P:\\webXazim\\wxa\\laravel\\portfolio\\my_portfolio\\vendor\\laravel\\framework\\src\\Illuminate\\Foundation\\Http\\Kernel.php(206): Illuminate\\Foundation\\Application->make()
#17 P:\\webXazim\\wxa\\laravel\\portfolio\\my_portfolio\\vendor\\laravel\\framework\\src\\Illuminate\\Foundation\\Http\\Kernel.php(180): Illuminate\\Foundation\\Http\\Kernel->terminateMiddleware()
#18 P:\\webXazim\\wxa\\laravel\\portfolio\\my_portfolio\\public\\index.php(55): Illuminate\\Foundation\\Http\\Kernel->terminate()
#19 P:\\webXazim\\wxa\\laravel\\portfolio\\my_portfolio\\server.php(21): require_once('...')
#20 {main}
"} 
[2022-12-29 14:52:53] production.ERROR: No application encryption key has been specified. {"exception":"[object] (Illuminate\\Encryption\\MissingAppKeyException(code: 0): No application encryption key has been specified. at P:\\webXazim\\wxa\\laravel\\portfolio\\my_portfolio\\vendor\\laravel\\framework\\src\\Illuminate\\Encryption\\EncryptionServiceProvider.php:101)
[stacktrace]
#0 P:\\webXazim\\wxa\\laravel\\portfolio\\my_portfolio\\vendor\\laravel\\framework\\src\\Illuminate\\Support\\helpers.php(263): Illuminate\\Encryption\\EncryptionServiceProvider->Illuminate\\Encryption\\{closure}()
#1 P:\\webXazim\\wxa\\laravel\\portfolio\\my_portfolio\\vendor\\laravel\\framework\\src\\Illuminate\\Encryption\\EncryptionServiceProvider.php(103): tap()
#2 P:\\webXazim\\wxa\\laravel\\portfolio\\my_portfolio\\vendor\\laravel\\framework\\src\\Illuminate\\Encryption\\EncryptionServiceProvider.php(82): Illuminate\\Encryption\\EncryptionServiceProvider->key()
#3 P:\\webXazim\\wxa\\laravel\\portfolio\\my_portfolio\\vendor\\laravel\\framework\\src\\Illuminate\\Encryption\\EncryptionServiceProvider.php(34): Illuminate\\Encryption\\EncryptionServiceProvider->parseKey()
#4 P:\\webXazim\\wxa\\laravel\\portfolio\\my_portfolio\\vendor\\laravel\\framework\\src\\Illuminate\\Container\\Container.php(873): Illuminate\\Encryption\\EncryptionServiceProvider->Illuminate\\Encryption\\{closure}()
#5 P:\\webXazim\\wxa\\laravel\\portfolio\\my_portfolio\\vendor\\laravel\\framework\\src\\Illuminate\\Container\\Container.php(758): Illuminate\\Container\\Container->build()
#6 P:\\webXazim\\wxa\\laravel\\portfolio\\my_portfolio\\vendor\\laravel\\framework\\src\\Illuminate\\Foundation\\Application.php(851): Illuminate\\Container\\Container->resolve()
#7 P:\\webXazim\\wxa\\laravel\\portfolio\\my_portfolio\\vendor\\laravel\\framework\\src\\Illuminate\\Container\\Container.php(694): Illuminate\\Foundation\\Application->resolve()
#8 P:\\webXazim\\wxa\\laravel\\portfolio\\my_portfolio\\vendor\\laravel\\framework\\src\\Illuminate\\Foundation\\Application.php(836): Illuminate\\Container\\Container->make()
#9 P:\\webXazim\\wxa\\laravel\\portfolio\\my_portfolio\\vendor\\laravel\\framework\\src\\Illuminate\\Container\\Container.php(1027): Illuminate\\Foundation\\Application->make()
#10 P:\\webXazim\\wxa\\laravel\\portfolio\\my_portfolio\\vendor\\laravel\\framework\\src\\Illuminate\\Container\\Container.php(947): Illuminate\\Container\\Container->resolveClass()
#11 P:\\webXazim\\wxa\\laravel\\portfolio\\my_portfolio\\vendor\\laravel\\framework\\src\\Illuminate\\Container\\Container.php(908): Illuminate\\Container\\Container->resolveDependencies()
#12 P:\\webXazim\\wxa\\laravel\\portfolio\\my_portfolio\\vendor\\laravel\\framework\\src\\Illuminate\\Container\\Container.php(758): Illuminate\\Container\\Container->build()
#13 P:\\webXazim\\wxa\\laravel\\portfolio\\my_portfolio\\vendor\\laravel\\framework\\src\\Illuminate\\Foundation\\Application.php(851): Illuminate\\Container\\Container->resolve()
#14 P:\\webXazim\\wxa\\laravel\\portfolio\\my_portfolio\\vendor\\laravel\\framework\\src\\Illuminate\\Container\\Container.php(694): Illuminate\\Foundation\\Application->resolve()
#15 P:\\webXazim\\wxa\\laravel\\portfolio\\my_portfolio\\vendor\\laravel\\framework\\src\\Illuminate\\Foundation\\Application.php(836): Illuminate\\Container\\Container->make()
#16 P:\\webXazim\\wxa\\laravel\\portfolio\\my_portfolio\\vendor\\laravel\\framework\\src\\Illuminate\\Pipeline\\Pipeline.php(156): Illuminate\\Foundation\\Application->make()
#17 P:\\webXazim\\wxa\\laravel\\portfolio\\my_portfolio\\vendor\\laravel\\framework\\src\\Illuminate\\Pipeline\\Pipeline.php(103): Illuminate\\Pipeline\\Pipeline->Illuminate\\Pipeline\\{closure}()
#18 P:\\webXazim\\wxa\\laravel\\portfolio\\my_portfolio\\vendor\\laravel\\framework\\src\\Illuminate\\Routing\\Router.php(723): Illuminate\\Pipeline\\Pipeline->then()
#19 P:\\webXazim\\wxa\\laravel\\portfolio\\my_portfolio\\vendor\\laravel\\framework\\src\\Illuminate\\Routing\\Router.php(698): Illuminate\\Routing\\Router->runRouteWithinStack()
#20 P:\\webXazim\\wxa\\laravel\\portfolio\\my_portfolio\\vendor\\laravel\\framework\\src\\Illuminate\\Routing\\Router.php(662): Illuminate\\Routing\\Router->runRoute()
#21 P:\\webXazim\\wxa\\laravel\\portfolio\\my_portfolio\\vendor\\laravel\\framework\\src\\Illuminate\\Routing\\Router.php(651): Illuminate\\Routing\\Router->dispatchToRoute()
#22 P:\\webXazim\\wxa\\laravel\\portfolio\\my_portfolio\\vendor\\laravel\\framework\\src\\Illuminate\\Foundation\\Http\\Kernel.php(167): Illuminate\\Routing\\Router->dispatch()
#23 P:\\webXazim\\wxa\\laravel\\portfolio\\my_portfolio\\vendor\\laravel\\framework\\src\\Illuminate\\Pipeline\\Pipeline.php(128): Illuminate\\Foundation\\Http\\Kernel->Illuminate\\Foundation\\Http\\{closure}()
#24 P:\\webXazim\\wxa\\laravel\\portfolio\\my_portfolio\\vendor\\laravel\\framework\\src\\Illuminate\\Foundation\\Http\\Middleware\\TransformsRequest.php(21): Illuminate\\Pipeline\\Pipeline->Illuminate\\Pipeline\\{closure}()
#25 P:\\webXazim\\wxa\\laravel\\portfolio\\my_portfolio\\vendor\\laravel\\framework\\src\\Illuminate\\Foundation\\Http\\Middleware\\ConvertEmptyStringsToNull.php(31): Illuminate\\Foundation\\Http\\Middleware\\TransformsRequest->handle()
#26 P:\\webXazim\\wxa\\laravel\\portfolio\\my_portfolio\\vendor\\laravel\\framework\\src\\Illuminate\\Pipeline\\Pipeline.php(167): Illuminate\\Foundation\\Http\\Middleware\\ConvertEmptyStringsToNull->handle()
#27 P:\\webXazim\\wxa\\laravel\\portfolio\\my_portfolio\\vendor\\laravel\\framework\\src\\Illuminate\\Foundation\\Http\\Middleware\\TransformsRequest.php(21): Illuminate\\Pipeline\\Pipeline->Illuminate\\Pipeline\\{closure}()
#28 P:\\webXazim\\wxa\\laravel\\portfolio\\my_portfolio\\vendor\\laravel\\framework\\src\\Illuminate\\Foundation\\Http\\Middleware\\TrimStrings.php(40): Illuminate\\Foundation\\Http\\Middleware\\TransformsRequest->handle()
#29 P:\\webXazim\\wxa\\laravel\\portfolio\\my_portfolio\\vendor\\laravel\\framework\\src\\Illuminate\\Pipeline\\Pipeline.php(167): Illuminate\\Foundation\\Http\\Middleware\\TrimStrings->handle()
#30 P:\\webXazim\\wxa\\laravel\\portfolio\\my_portfolio\\vendor\\laravel\\framework\\src\\Illuminate\\Foundation\\Http\\Middleware\\ValidatePostSize.php(27): Illuminate\\Pipeline\\Pipeline->Illuminate\\Pipeline\\{closure}()
#31 P:\\webXazim\\wxa\\laravel\\portfolio\\my_portfolio\\vendor\\laravel\\framework\\src\\Illuminate\\Pipeline\\Pipeline.php(167): Illuminate\\Foundation\\Http\\Middleware\\ValidatePostSize->handle()
#32 P:\\webXazim\\wxa\\laravel\\portfolio\\my_portfolio\\vendor\\laravel\\framework\\src\\Illuminate\\Foundation\\Http\\Middleware\\PreventRequestsDuringMaintenance.php(86): Illuminate\\Pipeline\\Pipeline->Illuminate\\Pipeline\\{closure}()
#33 P:\\webXazim\\wxa\\laravel\\portfolio\\my_portfolio\\vendor\\laravel\\framework\\src\\Illuminate\\Pipeline\\Pipeline.php(167): Illuminate\\Foundation\\Http\\Middleware\\PreventRequestsDuringMaintenance->handle()
#34 P:\\webXazim\\wxa\\laravel\\portfolio\\my_portfolio\\vendor\\fruitcake\\laravel-cors\\src\\HandleCors.php(38): Illuminate\\Pipeline\\Pipeline->Illuminate\\Pipeline\\{closure}()
#35 P:\\webXazim\\wxa\\laravel\\portfolio\\my_portfolio\\vendor\\laravel\\framework\\src\\Illuminate\\Pipeline\\Pipeline.php(167): Fruitcake\\Cors\\HandleCors->handle()
#36 P:\\webXazim\\wxa\\laravel\\portfolio\\my_portfolio\\vendor\\laravel\\framework\\src\\Illuminate\\Http\\Middleware\\TrustProxies.php(39): Illuminate\\Pipeline\\Pipeline->Illuminate\\Pipeline\\{closure}()
#37 P:\\webXazim\\wxa\\laravel\\portfolio\\my_portfolio\\vendor\\laravel\\framework\\src\\Illuminate\\Pipeline\\Pipeline.php(167): Illuminate\\Http\\Middleware\\TrustProxies->handle()
#38 P:\\webXazim\\wxa\\laravel\\portfolio\\my_portfolio\\vendor\\laravel\\framework\\src\\Illuminate\\Pipeline\\Pipeline.php(103): Illuminate\\Pipeline\\Pipeline->Illuminate\\Pipeline\\{closure}()
#39 P:\\webXazim\\wxa\\laravel\\portfolio\\my_portfolio\\vendor\\laravel\\framework\\src\\Illuminate\\Foundation\\Http\\Kernel.php(142): Illuminate\\Pipeline\\Pipeline->then()
#40 P:\\webXazim\\wxa\\laravel\\portfolio\\my_portfolio\\vendor\\laravel\\framework\\src\\Illuminate\\Foundation\\Http\\Kernel.php(111): Illuminate\\Foundation\\Http\\Kernel->sendRequestThroughRouter()
#41 P:\\webXazim\\wxa\\laravel\\portfolio\\my_portfolio\\public\\index.php(52): Illuminate\\Foundation\\Http\\Kernel->handle()
#42 P:\\webXazim\\wxa\\laravel\\portfolio\\my_portfolio\\server.php(21): require_once('...')
#43 {main}
"} 
[2022-12-29 14:52:53] production.ERROR: No application encryption key has been specified. {"exception":"[object] (Illuminate\\Encryption\\MissingAppKeyException(code: 0): No application encryption key has been specified. at P:\\webXazim\\wxa\\laravel\\portfolio\\my_portfolio\\vendor\\laravel\\framework\\src\\Illuminate\\Encryption\\EncryptionServiceProvider.php:101)
[stacktrace]
#0 P:\\webXazim\\wxa\\laravel\\portfolio\\my_portfolio\\vendor\\laravel\\framework\\src\\Illuminate\\Support\\helpers.php(263): Illuminate\\Encryption\\EncryptionServiceProvider->Illuminate\\Encryption\\{closure}()
#1 P:\\webXazim\\wxa\\laravel\\portfolio\\my_portfolio\\vendor\\laravel\\framework\\src\\Illuminate\\Encryption\\EncryptionServiceProvider.php(103): tap()
#2 P:\\webXazim\\wxa\\laravel\\portfolio\\my_portfolio\\vendor\\laravel\\framework\\src\\Illuminate\\Encryption\\EncryptionServiceProvider.php(82): Illuminate\\Encryption\\EncryptionServiceProvider->key()
#3 P:\\webXazim\\wxa\\laravel\\portfolio\\my_portfolio\\vendor\\laravel\\framework\\src\\Illuminate\\Encryption\\EncryptionServiceProvider.php(34): Illuminate\\Encryption\\EncryptionServiceProvider->parseKey()
#4 P:\\webXazim\\wxa\\laravel\\portfolio\\my_portfolio\\vendor\\laravel\\framework\\src\\Illuminate\\Container\\Container.php(873): Illuminate\\Encryption\\EncryptionServiceProvider->Illuminate\\Encryption\\{closure}()
#5 P:\\webXazim\\wxa\\laravel\\portfolio\\my_portfolio\\vendor\\laravel\\framework\\src\\Illuminate\\Container\\Container.php(758): Illuminate\\Container\\Container->build()
#6 P:\\webXazim\\wxa\\laravel\\portfolio\\my_portfolio\\vendor\\laravel\\framework\\src\\Illuminate\\Foundation\\Application.php(851): Illuminate\\Container\\Container->resolve()
#7 P:\\webXazim\\wxa\\laravel\\portfolio\\my_portfolio\\vendor\\laravel\\framework\\src\\Illuminate\\Container\\Container.php(694): Illuminate\\Foundation\\Application->resolve()
#8 P:\\webXazim\\wxa\\laravel\\portfolio\\my_portfolio\\vendor\\laravel\\framework\\src\\Illuminate\\Foundation\\Application.php(836): Illuminate\\Container\\Container->make()
#9 P:\\webXazim\\wxa\\laravel\\portfolio\\my_portfolio\\vendor\\laravel\\framework\\src\\Illuminate\\Container\\Container.php(1027): Illuminate\\Foundation\\Application->make()
#10 P:\\webXazim\\wxa\\laravel\\portfolio\\my_portfolio\\vendor\\laravel\\framework\\src\\Illuminate\\Container\\Container.php(947): Illuminate\\Container\\Container->resolveClass()
#11 P:\\webXazim\\wxa\\laravel\\portfolio\\my_portfolio\\vendor\\laravel\\framework\\src\\Illuminate\\Container\\Container.php(908): Illuminate\\Container\\Container->resolveDependencies()
#12 P:\\webXazim\\wxa\\laravel\\portfolio\\my_portfolio\\vendor\\laravel\\framework\\src\\Illuminate\\Container\\Container.php(758): Illuminate\\Container\\Container->build()
#13 P:\\webXazim\\wxa\\laravel\\portfolio\\my_portfolio\\vendor\\laravel\\framework\\src\\Illuminate\\Foundation\\Application.php(851): Illuminate\\Container\\Container->resolve()
#14 P:\\webXazim\\wxa\\laravel\\portfolio\\my_portfolio\\vendor\\laravel\\framework\\src\\Illuminate\\Container\\Container.php(694): Illuminate\\Foundation\\Application->resolve()
#15 P:\\webXazim\\wxa\\laravel\\portfolio\\my_portfolio\\vendor\\laravel\\framework\\src\\Illuminate\\Foundation\\Application.php(836): Illuminate\\Container\\Container->make()
#16 P:\\webXazim\\wxa\\laravel\\portfolio\\my_portfolio\\vendor\\laravel\\framework\\src\\Illuminate\\Foundation\\Http\\Kernel.php(206): Illuminate\\Foundation\\Application->make()
#17 P:\\webXazim\\wxa\\laravel\\portfolio\\my_portfolio\\vendor\\laravel\\framework\\src\\Illuminate\\Foundation\\Http\\Kernel.php(180): Illuminate\\Foundation\\Http\\Kernel->terminateMiddleware()
#18 P:\\webXazim\\wxa\\laravel\\portfolio\\my_portfolio\\public\\index.php(55): Illuminate\\Foundation\\Http\\Kernel->terminate()
#19 P:\\webXazim\\wxa\\laravel\\portfolio\\my_portfolio\\server.php(21): require_once('...')
#20 {main}
"} 
[2022-12-29 14:52:56] production.ERROR: No application encryption key has been specified. {"exception":"[object] (Illuminate\\Encryption\\MissingAppKeyException(code: 0): No application encryption key has been specified. at P:\\webXazim\\wxa\\laravel\\portfolio\\my_portfolio\\vendor\\laravel\\framework\\src\\Illuminate\\Encryption\\EncryptionServiceProvider.php:101)
[stacktrace]
#0 P:\\webXazim\\wxa\\laravel\\portfolio\\my_portfolio\\vendor\\laravel\\framework\\src\\Illuminate\\Support\\helpers.php(263): Illuminate\\Encryption\\EncryptionServiceProvider->Illuminate\\Encryption\\{closure}()
#1 P:\\webXazim\\wxa\\laravel\\portfolio\\my_portfolio\\vendor\\laravel\\framework\\src\\Illuminate\\Encryption\\EncryptionServiceProvider.php(103): tap()
#2 P:\\webXazim\\wxa\\laravel\\portfolio\\my_portfolio\\vendor\\laravel\\framework\\src\\Illuminate\\Encryption\\EncryptionServiceProvider.php(82): Illuminate\\Encryption\\EncryptionServiceProvider->key()
#3 P:\\webXazim\\wxa\\laravel\\portfolio\\my_portfolio\\vendor\\laravel\\framework\\src\\Illuminate\\Encryption\\EncryptionServiceProvider.php(34): Illuminate\\Encryption\\EncryptionServiceProvider->parseKey()
#4 P:\\webXazim\\wxa\\laravel\\portfolio\\my_portfolio\\vendor\\laravel\\framework\\src\\Illuminate\\Container\\Container.php(873): Illuminate\\Encryption\\EncryptionServiceProvider->Illuminate\\Encryption\\{closure}()
#5 P:\\webXazim\\wxa\\laravel\\portfolio\\my_portfolio\\vendor\\laravel\\framework\\src\\Illuminate\\Container\\Container.php(758): Illuminate\\Container\\Container->build()
#6 P:\\webXazim\\wxa\\laravel\\portfolio\\my_portfolio\\vendor\\laravel\\framework\\src\\Illuminate\\Foundation\\Application.php(851): Illuminate\\Container\\Container->resolve()
#7 P:\\webXazim\\wxa\\laravel\\portfolio\\my_portfolio\\vendor\\laravel\\framework\\src\\Illuminate\\Container\\Container.php(694): Illuminate\\Foundation\\Application->resolve()
#8 P:\\webXazim\\wxa\\laravel\\portfolio\\my_portfolio\\vendor\\laravel\\framework\\src\\Illuminate\\Foundation\\Application.php(836): Illuminate\\Container\\Container->make()
#9 P:\\webXazim\\wxa\\laravel\\portfolio\\my_portfolio\\vendor\\laravel\\framework\\src\\Illuminate\\Container\\Container.php(1027): Illuminate\\Foundation\\Application->make()
#10 P:\\webXazim\\wxa\\laravel\\portfolio\\my_portfolio\\vendor\\laravel\\framework\\src\\Illuminate\\Container\\Container.php(947): Illuminate\\Container\\Container->resolveClass()
#11 P:\\webXazim\\wxa\\laravel\\portfolio\\my_portfolio\\vendor\\laravel\\framework\\src\\Illuminate\\Container\\Container.php(908): Illuminate\\Container\\Container->resolveDependencies()
#12 P:\\webXazim\\wxa\\laravel\\portfolio\\my_portfolio\\vendor\\laravel\\framework\\src\\Illuminate\\Container\\Container.php(758): Illuminate\\Container\\Container->build()
#13 P:\\webXazim\\wxa\\laravel\\portfolio\\my_portfolio\\vendor\\laravel\\framework\\src\\Illuminate\\Foundation\\Application.php(851): Illuminate\\Container\\Container->resolve()
#14 P:\\webXazim\\wxa\\laravel\\portfolio\\my_portfolio\\vendor\\laravel\\framework\\src\\Illuminate\\Container\\Container.php(694): Illuminate\\Foundation\\Application->resolve()
#15 P:\\webXazim\\wxa\\laravel\\portfolio\\my_portfolio\\vendor\\laravel\\framework\\src\\Illuminate\\Foundation\\Application.php(836): Illuminate\\Container\\Container->make()
#16 P:\\webXazim\\wxa\\laravel\\portfolio\\my_portfolio\\vendor\\laravel\\framework\\src\\Illuminate\\Pipeline\\Pipeline.php(156): Illuminate\\Foundation\\Application->make()
#17 P:\\webXazim\\wxa\\laravel\\portfolio\\my_portfolio\\vendor\\laravel\\framework\\src\\Illuminate\\Pipeline\\Pipeline.php(103): Illuminate\\Pipeline\\Pipeline->Illuminate\\Pipeline\\{closure}()
#18 P:\\webXazim\\wxa\\laravel\\portfolio\\my_portfolio\\vendor\\laravel\\framework\\src\\Illuminate\\Routing\\Router.php(723): Illuminate\\Pipeline\\Pipeline->then()
#19 P:\\webXazim\\wxa\\laravel\\portfolio\\my_portfolio\\vendor\\laravel\\framework\\src\\Illuminate\\Routing\\Router.php(698): Illuminate\\Routing\\Router->runRouteWithinStack()
#20 P:\\webXazim\\wxa\\laravel\\portfolio\\my_portfolio\\vendor\\laravel\\framework\\src\\Illuminate\\Routing\\Router.php(662): Illuminate\\Routing\\Router->runRoute()
#21 P:\\webXazim\\wxa\\laravel\\portfolio\\my_portfolio\\vendor\\laravel\\framework\\src\\Illuminate\\Routing\\Router.php(651): Illuminate\\Routing\\Router->dispatchToRoute()
#22 P:\\webXazim\\wxa\\laravel\\portfolio\\my_portfolio\\vendor\\laravel\\framework\\src\\Illuminate\\Foundation\\Http\\Kernel.php(167): Illuminate\\Routing\\Router->dispatch()
#23 P:\\webXazim\\wxa\\laravel\\portfolio\\my_portfolio\\vendor\\laravel\\framework\\src\\Illuminate\\Pipeline\\Pipeline.php(128): Illuminate\\Foundation\\Http\\Kernel->Illuminate\\Foundation\\Http\\{closure}()
#24 P:\\webXazim\\wxa\\laravel\\portfolio\\my_portfolio\\vendor\\laravel\\framework\\src\\Illuminate\\Foundation\\Http\\Middleware\\TransformsRequest.php(21): Illuminate\\Pipeline\\Pipeline->Illuminate\\Pipeline\\{closure}()
#25 P:\\webXazim\\wxa\\laravel\\portfolio\\my_portfolio\\vendor\\laravel\\framework\\src\\Illuminate\\Foundation\\Http\\Middleware\\ConvertEmptyStringsToNull.php(31): Illuminate\\Foundation\\Http\\Middleware\\TransformsRequest->handle()
#26 P:\\webXazim\\wxa\\laravel\\portfolio\\my_portfolio\\vendor\\laravel\\framework\\src\\Illuminate\\Pipeline\\Pipeline.php(167): Illuminate\\Foundation\\Http\\Middleware\\ConvertEmptyStringsToNull->handle()
#27 P:\\webXazim\\wxa\\laravel\\portfolio\\my_portfolio\\vendor\\laravel\\framework\\src\\Illuminate\\Foundation\\Http\\Middleware\\TransformsRequest.php(21): Illuminate\\Pipeline\\Pipeline->Illuminate\\Pipeline\\{closure}()
#28 P:\\webXazim\\wxa\\laravel\\portfolio\\my_portfolio\\vendor\\laravel\\framework\\src\\Illuminate\\Foundation\\Http\\Middleware\\TrimStrings.php(40): Illuminate\\Foundation\\Http\\Middleware\\TransformsRequest->handle()
#29 P:\\webXazim\\wxa\\laravel\\portfolio\\my_portfolio\\vendor\\laravel\\framework\\src\\Illuminate\\Pipeline\\Pipeline.php(167): Illuminate\\Foundation\\Http\\Middleware\\TrimStrings->handle()
#30 P:\\webXazim\\wxa\\laravel\\portfolio\\my_portfolio\\vendor\\laravel\\framework\\src\\Illuminate\\Foundation\\Http\\Middleware\\ValidatePostSize.php(27): Illuminate\\Pipeline\\Pipeline->Illuminate\\Pipeline\\{closure}()
#31 P:\\webXazim\\wxa\\laravel\\portfolio\\my_portfolio\\vendor\\laravel\\framework\\src\\Illuminate\\Pipeline\\Pipeline.php(167): Illuminate\\Foundation\\Http\\Middleware\\ValidatePostSize->handle()
#32 P:\\webXazim\\wxa\\laravel\\portfolio\\my_portfolio\\vendor\\laravel\\framework\\src\\Illuminate\\Foundation\\Http\\Middleware\\PreventRequestsDuringMaintenance.php(86): Illuminate\\Pipeline\\Pipeline->Illuminate\\Pipeline\\{closure}()
#33 P:\\webXazim\\wxa\\laravel\\portfolio\\my_portfolio\\vendor\\laravel\\framework\\src\\Illuminate\\Pipeline\\Pipeline.php(167): Illuminate\\Foundation\\Http\\Middleware\\PreventRequestsDuringMaintenance->handle()
#34 P:\\webXazim\\wxa\\laravel\\portfolio\\my_portfolio\\vendor\\fruitcake\\laravel-cors\\src\\HandleCors.php(38): Illuminate\\Pipeline\\Pipeline->Illuminate\\Pipeline\\{closure}()
#35 P:\\webXazim\\wxa\\laravel\\portfolio\\my_portfolio\\vendor\\laravel\\framework\\src\\Illuminate\\Pipeline\\Pipeline.php(167): Fruitcake\\Cors\\HandleCors->handle()
#36 P:\\webXazim\\wxa\\laravel\\portfolio\\my_portfolio\\vendor\\laravel\\framework\\src\\Illuminate\\Http\\Middleware\\TrustProxies.php(39): Illuminate\\Pipeline\\Pipeline->Illuminate\\Pipeline\\{closure}()
#37 P:\\webXazim\\wxa\\laravel\\portfolio\\my_portfolio\\vendor\\laravel\\framework\\src\\Illuminate\\Pipeline\\Pipeline.php(167): Illuminate\\Http\\Middleware\\TrustProxies->handle()
#38 P:\\webXazim\\wxa\\laravel\\portfolio\\my_portfolio\\vendor\\laravel\\framework\\src\\Illuminate\\Pipeline\\Pipeline.php(103): Illuminate\\Pipeline\\Pipeline->Illuminate\\Pipeline\\{closure}()
#39 P:\\webXazim\\wxa\\laravel\\portfolio\\my_portfolio\\vendor\\laravel\\framework\\src\\Illuminate\\Foundation\\Http\\Kernel.php(142): Illuminate\\Pipeline\\Pipeline->then()
#40 P:\\webXazim\\wxa\\laravel\\portfolio\\my_portfolio\\vendor\\laravel\\framework\\src\\Illuminate\\Foundation\\Http\\Kernel.php(111): Illuminate\\Foundation\\Http\\Kernel->sendRequestThroughRouter()
#41 P:\\webXazim\\wxa\\laravel\\portfolio\\my_portfolio\\public\\index.php(52): Illuminate\\Foundation\\Http\\Kernel->handle()
#42 P:\\webXazim\\wxa\\laravel\\portfolio\\my_portfolio\\server.php(21): require_once('...')
#43 {main}
"} 
[2022-12-29 14:52:56] production.ERROR: No application encryption key has been specified. {"exception":"[object] (Illuminate\\Encryption\\MissingAppKeyException(code: 0): No application encryption key has been specified. at P:\\webXazim\\wxa\\laravel\\portfolio\\my_portfolio\\vendor\\laravel\\framework\\src\\Illuminate\\Encryption\\EncryptionServiceProvider.php:101)
[stacktrace]
#0 P:\\webXazim\\wxa\\laravel\\portfolio\\my_portfolio\\vendor\\laravel\\framework\\src\\Illuminate\\Support\\helpers.php(263): Illuminate\\Encryption\\EncryptionServiceProvider->Illuminate\\Encryption\\{closure}()
#1 P:\\webXazim\\wxa\\laravel\\portfolio\\my_portfolio\\vendor\\laravel\\framework\\src\\Illuminate\\Encryption\\EncryptionServiceProvider.php(103): tap()
#2 P:\\webXazim\\wxa\\laravel\\portfolio\\my_portfolio\\vendor\\laravel\\framework\\src\\Illuminate\\Encryption\\EncryptionServiceProvider.php(82): Illuminate\\Encryption\\EncryptionServiceProvider->key()
#3 P:\\webXazim\\wxa\\laravel\\portfolio\\my_portfolio\\vendor\\laravel\\framework\\src\\Illuminate\\Encryption\\EncryptionServiceProvider.php(34): Illuminate\\Encryption\\EncryptionServiceProvider->parseKey()
#4 P:\\webXazim\\wxa\\laravel\\portfolio\\my_portfolio\\vendor\\laravel\\framework\\src\\Illuminate\\Container\\Container.php(873): Illuminate\\Encryption\\EncryptionServiceProvider->Illuminate\\Encryption\\{closure}()
#5 P:\\webXazim\\wxa\\laravel\\portfolio\\my_portfolio\\vendor\\laravel\\framework\\src\\Illuminate\\Container\\Container.php(758): Illuminate\\Container\\Container->build()
#6 P:\\webXazim\\wxa\\laravel\\portfolio\\my_portfolio\\vendor\\laravel\\framework\\src\\Illuminate\\Foundation\\Application.php(851): Illuminate\\Container\\Container->resolve()
#7 P:\\webXazim\\wxa\\laravel\\portfolio\\my_portfolio\\vendor\\laravel\\framework\\src\\Illuminate\\Container\\Container.php(694): Illuminate\\Foundation\\Application->resolve()
#8 P:\\webXazim\\wxa\\laravel\\portfolio\\my_portfolio\\vendor\\laravel\\framework\\src\\Illuminate\\Foundation\\Application.php(836): Illuminate\\Container\\Container->make()
#9 P:\\webXazim\\wxa\\laravel\\portfolio\\my_portfolio\\vendor\\laravel\\framework\\src\\Illuminate\\Container\\Container.php(1027): Illuminate\\Foundation\\Application->make()
#10 P:\\webXazim\\wxa\\laravel\\portfolio\\my_portfolio\\vendor\\laravel\\framework\\src\\Illuminate\\Container\\Container.php(947): Illuminate\\Container\\Container->resolveClass()
#11 P:\\webXazim\\wxa\\laravel\\portfolio\\my_portfolio\\vendor\\laravel\\framework\\src\\Illuminate\\Container\\Container.php(908): Illuminate\\Container\\Container->resolveDependencies()
#12 P:\\webXazim\\wxa\\laravel\\portfolio\\my_portfolio\\vendor\\laravel\\framework\\src\\Illuminate\\Container\\Container.php(758): Illuminate\\Container\\Container->build()
#13 P:\\webXazim\\wxa\\laravel\\portfolio\\my_portfolio\\vendor\\laravel\\framework\\src\\Illuminate\\Foundation\\Application.php(851): Illuminate\\Container\\Container->resolve()
#14 P:\\webXazim\\wxa\\laravel\\portfolio\\my_portfolio\\vendor\\laravel\\framework\\src\\Illuminate\\Container\\Container.php(694): Illuminate\\Foundation\\Application->resolve()
#15 P:\\webXazim\\wxa\\laravel\\portfolio\\my_portfolio\\vendor\\laravel\\framework\\src\\Illuminate\\Foundation\\Application.php(836): Illuminate\\Container\\Container->make()
#16 P:\\webXazim\\wxa\\laravel\\portfolio\\my_portfolio\\vendor\\laravel\\framework\\src\\Illuminate\\Foundation\\Http\\Kernel.php(206): Illuminate\\Foundation\\Application->make()
#17 P:\\webXazim\\wxa\\laravel\\portfolio\\my_portfolio\\vendor\\laravel\\framework\\src\\Illuminate\\Foundation\\Http\\Kernel.php(180): Illuminate\\Foundation\\Http\\Kernel->terminateMiddleware()
#18 P:\\webXazim\\wxa\\laravel\\portfolio\\my_portfolio\\public\\index.php(55): Illuminate\\Foundation\\Http\\Kernel->terminate()
#19 P:\\webXazim\\wxa\\laravel\\portfolio\\my_portfolio\\server.php(21): require_once('...')
#20 {main}
"} 
[2022-12-29 14:53:44] production.ERROR: Your serialized closure might have been modified or it's unsafe to be unserialized. {"exception":"[object] (Laravel\\SerializableClosure\\Exceptions\\InvalidSignatureException(code: 0): Your serialized closure might have been modified or it's unsafe to be unserialized. at P:\\webXazim\\wxa\\laravel\\portfolio\\my_portfolio\\vendor\\laravel\\serializable-closure\\src\\Serializers\\Signed.php:83)
[stacktrace]
#0 [internal function]: Laravel\\SerializableClosure\\Serializers\\Signed->__unserialize()
#1 P:\\webXazim\\wxa\\laravel\\portfolio\\my_portfolio\\vendor\\laravel\\framework\\src\\Illuminate\\Routing\\RouteSignatureParameters.php(22): unserialize()
#2 P:\\webXazim\\wxa\\laravel\\portfolio\\my_portfolio\\vendor\\laravel\\framework\\src\\Illuminate\\Routing\\Route.php(514): Illuminate\\Routing\\RouteSignatureParameters::fromAction()
#3 P:\\webXazim\\wxa\\laravel\\portfolio\\my_portfolio\\vendor\\laravel\\framework\\src\\Illuminate\\Routing\\ImplicitRouteBinding.php(26): Illuminate\\Routing\\Route->signatureParameters()
#4 P:\\webXazim\\wxa\\laravel\\portfolio\\my_portfolio\\vendor\\laravel\\framework\\src\\Illuminate\\Routing\\Router.php(859): Illuminate\\Routing\\ImplicitRouteBinding::resolveForRoute()
#5 P:\\webXazim\\wxa\\laravel\\portfolio\\my_portfolio\\vendor\\laravel\\framework\\src\\Illuminate\\Routing\\Middleware\\SubstituteBindings.php(41): Illuminate\\Routing\\Router->substituteImplicitBindings()
#6 P:\\webXazim\\wxa\\laravel\\portfolio\\my_portfolio\\vendor\\laravel\\framework\\src\\Illuminate\\Pipeline\\Pipeline.php(167): Illuminate\\Routing\\Middleware\\SubstituteBindings->handle()
#7 P:\\webXazim\\wxa\\laravel\\portfolio\\my_portfolio\\vendor\\laravel\\framework\\src\\Illuminate\\Foundation\\Http\\Middleware\\VerifyCsrfToken.php(78): Illuminate\\Pipeline\\Pipeline->Illuminate\\Pipeline\\{closure}()
#8 P:\\webXazim\\wxa\\laravel\\portfolio\\my_portfolio\\vendor\\laravel\\framework\\src\\Illuminate\\Pipeline\\Pipeline.php(167): Illuminate\\Foundation\\Http\\Middleware\\VerifyCsrfToken->handle()
#9 P:\\webXazim\\wxa\\laravel\\portfolio\\my_portfolio\\vendor\\laravel\\framework\\src\\Illuminate\\View\\Middleware\\ShareErrorsFromSession.php(49): Illuminate\\Pipeline\\Pipeline->Illuminate\\Pipeline\\{closure}()
#10 P:\\webXazim\\wxa\\laravel\\portfolio\\my_portfolio\\vendor\\laravel\\framework\\src\\Illuminate\\Pipeline\\Pipeline.php(167): Illuminate\\View\\Middleware\\ShareErrorsFromSession->handle()
#11 P:\\webXazim\\wxa\\laravel\\portfolio\\my_portfolio\\vendor\\laravel\\framework\\src\\Illuminate\\Session\\Middleware\\StartSession.php(121): Illuminate\\Pipeline\\Pipeline->Illuminate\\Pipeline\\{closure}()
#12 P:\\webXazim\\wxa\\laravel\\portfolio\\my_portfolio\\vendor\\laravel\\framework\\src\\Illuminate\\Session\\Middleware\\StartSession.php(64): Illuminate\\Session\\Middleware\\StartSession->handleStatefulRequest()
#13 P:\\webXazim\\wxa\\laravel\\portfolio\\my_portfolio\\vendor\\laravel\\framework\\src\\Illuminate\\Pipeline\\Pipeline.php(167): Illuminate\\Session\\Middleware\\StartSession->handle()
#14 P:\\webXazim\\wxa\\laravel\\portfolio\\my_portfolio\\vendor\\laravel\\framework\\src\\Illuminate\\Cookie\\Middleware\\AddQueuedCookiesToResponse.php(37): Illuminate\\Pipeline\\Pipeline->Illuminate\\Pipeline\\{closure}()
#15 P:\\webXazim\\wxa\\laravel\\portfolio\\my_portfolio\\vendor\\laravel\\framework\\src\\Illuminate\\Pipeline\\Pipeline.php(167): Illuminate\\Cookie\\Middleware\\AddQueuedCookiesToResponse->handle()
#16 P:\\webXazim\\wxa\\laravel\\portfolio\\my_portfolio\\vendor\\laravel\\framework\\src\\Illuminate\\Cookie\\Middleware\\EncryptCookies.php(67): Illuminate\\Pipeline\\Pipeline->Illuminate\\Pipeline\\{closure}()
#17 P:\\webXazim\\wxa\\laravel\\portfolio\\my_portfolio\\vendor\\laravel\\framework\\src\\Illuminate\\Pipeline\\Pipeline.php(167): Illuminate\\Cookie\\Middleware\\EncryptCookies->handle()
#18 P:\\webXazim\\wxa\\laravel\\portfolio\\my_portfolio\\vendor\\laravel\\framework\\src\\Illuminate\\Pipeline\\Pipeline.php(103): Illuminate\\Pipeline\\Pipeline->Illuminate\\Pipeline\\{closure}()
#19 P:\\webXazim\\wxa\\laravel\\portfolio\\my_portfolio\\vendor\\laravel\\framework\\src\\Illuminate\\Routing\\Router.php(723): Illuminate\\Pipeline\\Pipeline->then()
#20 P:\\webXazim\\wxa\\laravel\\portfolio\\my_portfolio\\vendor\\laravel\\framework\\src\\Illuminate\\Routing\\Router.php(698): Illuminate\\Routing\\Router->runRouteWithinStack()
#21 P:\\webXazim\\wxa\\laravel\\portfolio\\my_portfolio\\vendor\\laravel\\framework\\src\\Illuminate\\Routing\\Router.php(662): Illuminate\\Routing\\Router->runRoute()
#22 P:\\webXazim\\wxa\\laravel\\portfolio\\my_portfolio\\vendor\\laravel\\framework\\src\\Illuminate\\Routing\\Router.php(651): Illuminate\\Routing\\Router->dispatchToRoute()
#23 P:\\webXazim\\wxa\\laravel\\portfolio\\my_portfolio\\vendor\\laravel\\framework\\src\\Illuminate\\Foundation\\Http\\Kernel.php(167): Illuminate\\Routing\\Router->dispatch()
#24 P:\\webXazim\\wxa\\laravel\\portfolio\\my_portfolio\\vendor\\laravel\\framework\\src\\Illuminate\\Pipeline\\Pipeline.php(128): Illuminate\\Foundation\\Http\\Kernel->Illuminate\\Foundation\\Http\\{closure}()
#25 P:\\webXazim\\wxa\\laravel\\portfolio\\my_portfolio\\vendor\\laravel\\framework\\src\\Illuminate\\Foundation\\Http\\Middleware\\TransformsRequest.php(21): Illuminate\\Pipeline\\Pipeline->Illuminate\\Pipeline\\{closure}()
#26 P:\\webXazim\\wxa\\laravel\\portfolio\\my_portfolio\\vendor\\laravel\\framework\\src\\Illuminate\\Foundation\\Http\\Middleware\\ConvertEmptyStringsToNull.php(31): Illuminate\\Foundation\\Http\\Middleware\\TransformsRequest->handle()
#27 P:\\webXazim\\wxa\\laravel\\portfolio\\my_portfolio\\vendor\\laravel\\framework\\src\\Illuminate\\Pipeline\\Pipeline.php(167): Illuminate\\Foundation\\Http\\Middleware\\ConvertEmptyStringsToNull->handle()
#28 P:\\webXazim\\wxa\\laravel\\portfolio\\my_portfolio\\vendor\\laravel\\framework\\src\\Illuminate\\Foundation\\Http\\Middleware\\TransformsRequest.php(21): Illuminate\\Pipeline\\Pipeline->Illuminate\\Pipeline\\{closure}()
#29 P:\\webXazim\\wxa\\laravel\\portfolio\\my_portfolio\\vendor\\laravel\\framework\\src\\Illuminate\\Foundation\\Http\\Middleware\\TrimStrings.php(40): Illuminate\\Foundation\\Http\\Middleware\\TransformsRequest->handle()
#30 P:\\webXazim\\wxa\\laravel\\portfolio\\my_portfolio\\vendor\\laravel\\framework\\src\\Illuminate\\Pipeline\\Pipeline.php(167): Illuminate\\Foundation\\Http\\Middleware\\TrimStrings->handle()
#31 P:\\webXazim\\wxa\\laravel\\portfolio\\my_portfolio\\vendor\\laravel\\framework\\src\\Illuminate\\Foundation\\Http\\Middleware\\ValidatePostSize.php(27): Illuminate\\Pipeline\\Pipeline->Illuminate\\Pipeline\\{closure}()
#32 P:\\webXazim\\wxa\\laravel\\portfolio\\my_portfolio\\vendor\\laravel\\framework\\src\\Illuminate\\Pipeline\\Pipeline.php(167): Illuminate\\Foundation\\Http\\Middleware\\ValidatePostSize->handle()
#33 P:\\webXazim\\wxa\\laravel\\portfolio\\my_portfolio\\vendor\\laravel\\framework\\src\\Illuminate\\Foundation\\Http\\Middleware\\PreventRequestsDuringMaintenance.php(86): Illuminate\\Pipeline\\Pipeline->Illuminate\\Pipeline\\{closure}()
#34 P:\\webXazim\\wxa\\laravel\\portfolio\\my_portfolio\\vendor\\laravel\\framework\\src\\Illuminate\\Pipeline\\Pipeline.php(167): Illuminate\\Foundation\\Http\\Middleware\\PreventRequestsDuringMaintenance->handle()
#35 P:\\webXazim\\wxa\\laravel\\portfolio\\my_portfolio\\vendor\\fruitcake\\laravel-cors\\src\\HandleCors.php(38): Illuminate\\Pipeline\\Pipeline->Illuminate\\Pipeline\\{closure}()
#36 P:\\webXazim\\wxa\\laravel\\portfolio\\my_portfolio\\vendor\\laravel\\framework\\src\\Illuminate\\Pipeline\\Pipeline.php(167): Fruitcake\\Cors\\HandleCors->handle()
#37 P:\\webXazim\\wxa\\laravel\\portfolio\\my_portfolio\\vendor\\laravel\\framework\\src\\Illuminate\\Http\\Middleware\\TrustProxies.php(39): Illuminate\\Pipeline\\Pipeline->Illuminate\\Pipeline\\{closure}()
#38 P:\\webXazim\\wxa\\laravel\\portfolio\\my_portfolio\\vendor\\laravel\\framework\\src\\Illuminate\\Pipeline\\Pipeline.php(167): Illuminate\\Http\\Middleware\\TrustProxies->handle()
#39 P:\\webXazim\\wxa\\laravel\\portfolio\\my_portfolio\\vendor\\laravel\\framework\\src\\Illuminate\\Pipeline\\Pipeline.php(103): Illuminate\\Pipeline\\Pipeline->Illuminate\\Pipeline\\{closure}()
#40 P:\\webXazim\\wxa\\laravel\\portfolio\\my_portfolio\\vendor\\laravel\\framework\\src\\Illuminate\\Foundation\\Http\\Kernel.php(142): Illuminate\\Pipeline\\Pipeline->then()
#41 P:\\webXazim\\wxa\\laravel\\portfolio\\my_portfolio\\vendor\\laravel\\framework\\src\\Illuminate\\Foundation\\Http\\Kernel.php(111): Illuminate\\Foundation\\Http\\Kernel->sendRequestThroughRouter()
#42 P:\\webXazim\\wxa\\laravel\\portfolio\\my_portfolio\\public\\index.php(52): Illuminate\\Foundation\\Http\\Kernel->handle()
#43 P:\\webXazim\\wxa\\laravel\\portfolio\\my_portfolio\\server.php(21): require_once('...')
#44 {main}
"} 
